21:29:38 main INFO com.huawei.Main.main(23) carPath = /HDU_XuSheng/SDK_java/bin/config/car.txt roadPath = /HDU_XuSheng/SDK_java/bin/config/road.txt crossPath = /HDU_XuSheng/SDK_java/bin/config/cross.txt and answerPath = /HDU_XuSheng/SDK_java/bin/config/answer.txt
21:29:38 main INFO com.huawei.Main.main(26) start reaWARN No appenders could be found for logger (com.huawei.Main).d input files
21:38:31 main ERROR com.huawei.structure.TrafficControlCenter.driveAllCars(132) 死锁
21:38:31 main INFO com.huawei.Main.main(35) ==相等
21:38:31 main INFO com.huawei.Main.main(37) equals相等
21:38:31 main INFO com.huawei.Main.main(39) Start write output file
21:38:31 main INFO com.huawei.Main.main(41) End...
21:38:42 main INFO com.huawei.Main.main(17) Start...
21:38:42 main INFO com.huawei.Main.main(23) carPath = /HDU_XuSheng/SDK_java/bin/config/car.txt roadPath = /HDU_XuSheng/SDK_java/bin/config/road.txt crossPath = /HDU_XuSheng/SDK_java/bin/config/cross.txt and answerPath = /HDU_XuSheng/SDK_java/bin/config/answer.txt
21:38:42 main INFO com.huawei.Main.main(26) start reaWARN No appenders could be found for logger (com.huawei.Main).d input files
21:46:15 main ERROR com.huawei.structure.TrafficControlCenter.driveAllCars(132) 死锁
21:46:15 main INFO com.huawei.Main.main(35) ==相等
21:46:15 main INFO com.huawei.Main.main(37) equals相等
21:46:15 main INFO com.huawei.Main.main(39) Start write output file
21:46:15 main INFO com.huawei.Main.main(41) End...
21:46:26 main INFO com.huawei.Main.main(17) Start...
21:46:26 main INFO com.huawei.Main.main(23) carPath = /HDU_XuSheng/SDK_java/bin/config/car.txt roadPath = /HDU_XuSheng/SDK_java/bin/config/road.txt crossPath = /HDU_XuSheng/SDK_java/bin/config/cross.txt and answerPath = /HDU_XuSheng/SDK_java/bin/config/answer.txt
21:46:26 main INFO com.huawei.Main.main(26) start reaWARN No appenders could be found for logger (com.huawei.Main).d input files
21:48:45 main ERROR com.huawei.structure.TrafficControlCenter.driveAllCars(132) 死锁
21:48:45 main INFO com.huawei.Main.main(35) ==相等
21:48:45 main INFO com.huawei.Main.main(37) equals相等
21:48:45 main INFO com.huawei.Main.main(39) Start write output file
21:48:45 main INFO com.huawei.Main.main(41) End...
21:48:56 main INFO com.huawei.Main.main(17) Start...
21:48:56 main INFO com.huawei.Main.main(23) carPath = /HDU_XuSheng/SDK_java/bin/config/car.txt roadPath = /HDU_XuSheng/SDK_java/bin/config/road.txt crossPath = /HDU_XuSheng/SDK_java/bin/config/cross.txt and answerPath = /HDU_XuSheng/SDK_java/bin/config/answer.txt
21:48:56 main INFO com.huawei.Main.main(26) start reaWARN No appenders could be found for logger (com.huawei.Main).d input files
21:52:18 main INFO com.huawei.Main.main(17) Start...
21:52:18 main INFO com.huawei.Main.main(23) carPath = /HDU_XuSheng/SDK_java/bin/config/car.txt roadPath = /HDU_XuSheng/SDK_java/bin/config/road.txt crossPath = /HDU_XuSheng/SDK_java/bin/config/cross.txt and answerPath = /HDU_XuSheng/SDK_java/bin/config/answer.txt
21:52:18 main INFO com.huawei.Main.main(26) start reaWARN No appenders could be found for logger (com.huawei.Main).d input files
22:05:26 main INFO com.huawei.Main.main(17) Start...
22:05:26 main INFO com.huawei.Main.main(23) carPath = /HDU_XuSheng/SDK_java/bin/config/car.txt roadPath = /HDU_XuSheng/SDK_java/bin/config/road.txt crossPath = /HDU_XuSheng/SDK_java/bin/config/cross.txt and answerPath = /HDU_XuSheng/SDK_java/bin/config/answer.txt
22:05:26 main INFO com.huawei.Main.main(26) start reaWARN No appenders could be found for logger (com.huawei.Main).d input files
22:08:34 main ERROR com.huawei.structure.TrafficControlCenter.driveAllCars(132) 死锁
22:08:34 main INFO com.huawei.Main.main(35) ==相等
22:08:34 main INFO com.huawei.Main.main(37) equals相等
22:08:34 main INFO com.huawei.Main.main(39) Start write output file
22:08:34 main INFO com.huawei.Main.main(41) End...
22:08:46 main INFO com.huawei.Main.main(17) Start...
22:08:46 main INFO com.huawei.Main.main(23) carPath = /HDU_XuSheng/SDK_java/bin/config/car.txt roadPath = /HDU_XuSheng/SDK_java/bin/config/road.txt crossPath = /HDU_XuSheng/SDK_java/bin/config/cross.txt and answerPath = /HDU_XuSheng/SDK_java/bin/config/answer.txt
22:08:46 main INFO com.huawei.Main.main(26) start reaWARN No appenders could be found for logger (com.huawei.Main).d input files
22:10:17 main ERROR com.huawei.structure.TrafficControlCenter.driveAllCars(132) 死锁
22:10:17 main INFO com.huawei.Main.main(35) ==相等
22:10:17 main INFO com.huawei.Main.main(37) equals相等
22:10:17 main INFO com.huawei.Main.main(39) Start write output file
22:10:17 main INFO com.huawei.Main.main(41) End...
22:10:27 main INFO com.huawei.Main.main(17) Start...
22:10:27 main INFO com.huawei.Main.main(23) carPath = /HDU_XuSheng/SDK_java/bin/config/car.txt roadPath = /HDU_XuSheng/SDK_java/bin/config/road.txt crossPath = /HDU_XuSheng/SDK_java/bin/config/cross.txt and answerPath = /HDU_XuSheng/SDK_java/bin/config/answer.txt
22:10:27 main INFO com.huawei.Main.main(26) start reaWARN No appenders could be found for logger (com.huawei.Main).d input files
22:11:03 main ERROR com.huawei.structure.TrafficControlCenter.driveAllCars(132) 死锁
22:11:03 main INFO com.huawei.Main.main(35) ==相等
22:11:03 main INFO com.huawei.Main.main(37) equals相等
22:11:03 main INFO com.huawei.Main.main(39) Start write output file
22:11:03 main INFO com.huawei.Main.main(41) End...
22:11:15 main INFO com.huawei.Main.main(17) Start...
22:11:15 main INFO com.huawei.Main.main(23) carPath = /HDU_XuSheng/SDK_java/bin/config/car.txt roadPath = /HDU_XuSheng/SDK_java/bin/config/road.txt crossPath = /HDU_XuSheng/SDK_java/bin/config/cross.txt and answerPath = /HDU_XuSheng/SDK_java/bin/config/answer.txt
22:11:15 main INFO com.huawei.Main.main(26) start reaWARN No appenders could be found for logger (com.huawei.Main).d input files
22:13:42 main ERROR com.huawei.structure.TrafficControlCenter.driveAllCars(132) 死锁
22:13:42 main INFO com.huawei.Main.main(35) ==相等
22:13:42 main INFO com.huawei.Main.main(37) equals相等
22:13:42 main INFO com.huawei.Main.main(39) Start write output file
22:13:42 main INFO com.huawei.Main.main(41) End...
22:13:52 main INFO com.huawei.Main.main(17) Start...
22:13:52 main INFO com.huawei.Main.main(23) carPath = /HDU_XuSheng/SDK_java/bin/config/car.txt roadPath = /HDU_XuSheng/SDK_java/bin/config/road.txt crossPath = /HDU_XuSheng/SDK_java/bin/config/cross.txt and answerPath = /HDU_XuSheng/SDK_java/bin/config/answer.txt
22:13:52 main INFO com.huawei.Main.main(26) start reaWARN No appenders could be found for logger (com.huawei.Main).d input files
22:18:00 main ERROR com.huawei.structure.TrafficControlCenter.driveAllCars(132) 死锁
22:18:00 main INFO com.huawei.Main.main(35) ==相等
22:18:00 main INFO com.huawei.Main.main(37) equals相等
22:18:00 main INFO com.huawei.Main.main(39) Start write output file
22:18:00 main INFO com.huawei.Main.main(41) End...
22:18:12 main INFO com.huawei.Main.main(17) Start...
22:18:12 main INFO com.huawei.Main.main(23) carPath = /HDU_XuSheng/SDK_java/bin/config/car.txt roadPath = /HDU_XuSheng/SDK_java/bin/config/road.txt crossPath = /HDU_XuSheng/SDK_java/bin/config/cross.txt and answerPath = /HDU_XuSheng/SDK_java/bin/config/answer.txt
22:18:12 main INFO com.huawei.Main.main(26) start reaWARN No appenders could be found for logger (com.huawei.Main).d input files
22:20:34 main ERROR com.huawei.structure.TrafficControlCenter.driveAllCars(132) 死锁
22:20:34 main INFO com.huawei.Main.main(35) ==相等
22:20:34 main INFO com.huawei.Main.main(37) equals相等
22:20:34 main INFO com.huawei.Main.main(39) Start write output file
22:20:34 main INFO com.huawei.Main.main(41) End...
22:20:46 main INFO com.huawei.Main.main(17) Start...
22:20:46 main INFO com.huawei.Main.main(23) carPath = /HDU_XuSheng/SDK_java/bin/config/car.txt roadPath = /HDU_XuSheng/SDK_java/bin/config/road.txt crossPath = /HDU_XuSheng/SDK_java/bin/config/cross.txt and answerPath = /HDU_XuSheng/SDK_java/bin/config/answer.txt
22:20:46 main INFO com.huawei.Main.main(26) start reaWARN No appenders could be found for logger (com.huawei.Main).d input files
22:36:55 main ERROR com.huawei.structure.TrafficControlCenter.driveAllCars(132) 死锁
22:36:55 main INFO com.huawei.Main.main(35) ==相等
22:36:55 main INFO com.huawei.Main.main(37) equals相等
22:36:55 main INFO com.huawei.Main.main(39) Start write output file
22:36:55 main INFO com.huawei.Main.main(41) End...
22:37:07 main INFO com.huawei.Main.main(17) Start...
22:37:07 main INFO com.huawei.Main.main(23) carPath = /HDU_XuSheng/SDK_java/bin/config/car.txt roadPath = /HDU_XuSheng/SDK_java/bin/config/road.txt crossPath = /HDU_XuSheng/SDK_java/bin/config/cross.txt and answerPath = /HDU_XuSheng/SDK_java/bin/config/answer.txt
22:37:07 main INFO com.huawei.Main.main(26) start reaWARN No appenders could be found for logger (com.huawei.Main).d input files
22:44:21 main INFO com.huawei.Main.main(17) Start...
22:44:21 main INFO com.huawei.Main.main(23) carPath = /HDU_XuSheng/SDK_java/bin/config/car.txt roadPath = /HDU_XuSheng/SDK_java/bin/config/road.txt crossPath = /HDU_XuSheng/SDK_java/bin/config/cross.txt and answerPath = /HDU_XuSheng/SDK_java/bin/config/answer.txt
22:44:21 main INFO com.huawei.Main.main(26) start reaWARN No appenders could be found for logger (com.huawei.Main).d input files
22:47:21 main INFO com.huawei.Main.main(17) Start...
22:47:21 main INFO com.huawei.Main.main(23) carPath = /HDU_XuSheng/SDK_java/bin/config/car.txt roadPath = /HDU_XuSheng/SDK_java/bin/config/road.txt crossPath = /HDU_XuSheng/SDK_java/bin/config/cross.txt and answerPath = /HDU_XuSheng/SDK_java/bin/config/answer.txt
22:47:21 main INFO com.huawei.Main.main(26) start reaWARN No appenders could be found for logger (com.huawei.Main).d input files
22:53:25 main INFO com.huawei.Main.main(17) Start...
22:53:25 main INFO com.huawei.Main.main(23) carPath = /HDU_XuSheng/SDK_java/bin/config/car.txt roadPath = /HDU_XuSheng/SDK_java/bin/config/road.txt crossPath = /HDU_XuSheng/SDK_java/bin/config/cross.txt and answerPath = /HDU_XuSheng/SDK_java/bin/config/answer.txt
22:53:25 main INFO com.huawei.Main.main(26) start reaWARN No appenders could be found for logger (com.huawei.Main).d input files
23:00:04 main INFO com.huawei.Main.main(17) Start...
23:00:04 main INFO com.huawei.Main.main(23) carPath = /HDU_XuSheng/SDK_java/bin/config/car.txt roadPath = /HDU_XuSheng/SDK_java/bin/config/road.txt crossPath = /HDU_XuSheng/SDK_java/bin/config/cross.txt and answerPath = /HDU_XuSheng/SDK_java/bin/config/answer.txt
23:00:04 main INFO com.huawei.Main.main(26) start reaWARN No appenders could be found for logger (com.huawei.Main).d input files
23:17:21 main INFO com.huawei.Main.main(17) Start...
23:17:21 main INFO com.huawei.Main.main(23) carPath = /HDU_XuSheng/SDK_java/bin/config/car.txt roadPath = /HDU_XuSheng/SDK_java/bin/config/road.txt crossPath = /HDU_XuSheng/SDK_java/bin/config/cross.txt and answerPath = /HDU_XuSheng/SDK_java/bin/config/answer.txt
23:17:21 main INFO com.huawei.Main.main(26) start reaWARN No appenders could be found for logger (com.huawei.Main).d input files
23:20:30 main INFO com.huawei.Main.main(17) Start...
23:20:30 main INFO com.huawei.Main.main(23) carPath = /HDU_XuSheng/SDK_java/bin/config/car.txt roadPath = /HDU_XuSheng/SDK_java/bin/config/road.txt crossPath = /HDU_XuSheng/SDK_java/bin/config/cross.txt and answerPath = /HDU_XuSheng/SDK_java/bin/config/answer.txt
23:20:30 main INFO com.huawei.Main.main(26) start reaWARN No appenders could be found for logger (com.huawei.Main).d input files
23:34:29 main INFO com.huawei.Main.main(17) Start...
23:34:29 main INFO com.huawei.Main.main(23) carPath = /HDU_XuSheng/SDK_java/bin/config/car.txt roadPath = /HDU_XuSheng/SDK_java/bin/config/road.txt crossPath = /HDU_XuSheng/SDK_java/bin/config/cross.txt and answerPath = /HDU_XuSheng/SDK_java/bin/config/answer.txt
23:34:29 main INFO com.huawei.Main.main(26) start reaWARN No appenders could be found for logger (com.huawei.Main).d input files
23:34:58 main INFO com.huawei.Main.main(17) Start...
23:34:58 main INFO com.huawei.Main.main(23) carPath = /HDU_XuSheng/SDK_java/bin/config/car.txt roadPath = /HDU_XuSheng/SDK_java/bin/config/road.txt crossPath = /HDU_XuSheng/SDK_java/bin/config/cross.txt and answerPath = /HDU_XuSheng/SDK_java/bin/config/answer.txt
23:34:58 main INFO com.huawei.Main.main(26) start reaWARN No appenders could be found for logger (com.huawei.Main).d input files
23:37:31 main INFO com.huawei.Main.main(17) Start...
23:37:31 main INFO com.huawei.Main.main(23) carPath = /HDU_XuSheng/SDK_java/bin/config/car.txt roadPath = /HDU_XuSheng/SDK_java/bin/config/road.txt crossPath = /HDU_XuSheng/SDK_java/bin/config/cross.txt and answerPath = /HDU_XuSheng/SDK_java/bin/config/answer.txt
23:37:31 main INFO com.huawei.Main.main(26) start reaWARN No appenders could be found for logger (com.huawei.Main).d input files
23:41:17 main INFO com.huawei.Main.main(17) Start...
23:41:17 main INFO com.huawei.Main.main(23) carPath = /HDU_XuSheng/SDK_java/bin/config/car.txt roadPath = /HDU_XuSheng/SDK_java/bin/config/road.txt crossPath = /HDU_XuSheng/SDK_java/bin/config/cross.txt and answerPath = /HDU_XuSheng/SDK_java/bin/config/answer.txt
23:41:17 main INFO com.huawei.Main.main(26) start reaWARN No appenders could be found for logger (com.huawei.Main).d input files
23:48:23 main INFO com.huawei.Main.main(17) Start...
23:48:23 main INFO com.huawei.Main.main(23) carPath = /HDU_XuSheng/SDK_java/bin/config/car.txt roadPath = /HDU_XuSheng/SDK_java/bin/config/road.txt crossPath = /HDU_XuSheng/SDK_java/bin/config/cross.txt and answerPath = /HDU_XuSheng/SDK_java/bin/config/answer.txt
23:48:23 main INFO com.huawei.Main.main(26) start reaWARN No appenders could be found for logger (com.huawei.Main).d input files
23:49:57 main INFO com.huawei.Main.main(17) Start...
23:49:57 main INFO com.huawei.Main.main(23) carPath = /HDU_XuSheng/SDK_java/bin/config/car.txt roadPath = /HDU_XuSheng/SDK_java/bin/config/road.txt crossPath = /HDU_XuSheng/SDK_java/bin/config/cross.txt and answerPath = /HDU_XuSheng/SDK_java/bin/config/answer.txt
23:49:57 main INFO com.huawei.Main.main(26) start reaWARN No appenders could be found for logger (com.huawei.Main).d input files
23:51:14 main INFO com.huawei.Main.main(17) Start...
23:51:14 main INFO com.huawei.Main.main(23) carPath = /HDU_XuSheng/SDK_java/bin/config/car.txt roadPath = /HDU_XuSheng/SDK_java/bin/config/road.txt crossPath = /HDU_XuSheng/SDK_java/bin/config/cross.txt and answerPath = /HDU_XuSheng/SDK_java/bin/config/answer.txt
23:51:14 main INFO com.huawei.Main.main(26) start reaWARN No appenders could be found for logger (com.huawei.Main).d input files
23:52:15 main INFO com.huawei.Main.main(17) Start...
23:52:15 main INFO com.huawei.Main.main(23) carPath = /HDU_XuSheng/SDK_java/bin/config/car.txt roadPath = /HDU_XuSheng/SDK_java/bin/config/road.txt crossPath = /HDU_XuSheng/SDK_java/bin/config/cross.txt and answerPath = /HDU_XuSheng/SDK_java/bin/config/answer.txt
23:52:15 main INFO com.huawei.Main.main(26) start reaWARN No appenders could be found for logger (com.huawei.Main).d input files
00:03:12 main INFO com.huawei.Main.main(17) Start...
00:03:12 main INFO com.huawei.Main.main(23) carPath = /HDU_XuSheng/SDK_java/bin/config/car.txt roadPath = /HDU_XuSheng/SDK_java/bin/config/road.txt crossPath = /HDU_XuSheng/SDK_java/bin/config/cross.txt and answerPath = /HDU_XuSheng/SDK_java/bin/config/answer.txt
00:03:12 main INFO com.huawei.Main.main(26) start reaWARN No appenders could be found for logger (com.huawei.Main).d input files
00:03:12 main ERROR com.huawei.structure.TrafficControlCenter.driveAllCars(132) 死锁
00:03:12 main INFO com.huawei.Main.main(35) ==相等
00:03:12 main INFO com.huawei.Main.main(37) equals相等
00:03:12 main INFO com.huawei.Main.main(39) Start write output file
00:03:12 main INFO com.huawei.Main.main(41) End...
00:03:28 main INFO com.huawei.Main.main(17) Start...
00:03:28 main INFO com.huawei.Main.main(23) carPath = /HDU_XuSheng/SDK_java/bin/config/car.txt roadPath = /HDU_XuSheng/SDK_java/bin/config/road.txt crossPath = /HDU_XuSheng/SDK_java/bin/config/cross.txt and answerPath = /HDU_XuSheng/SDK_java/bin/config/answer.txt
00:03:28 main INFO com.huawei.Main.main(26) start reaWARN No appenders could be found for logger (com.huawei.Main).d input files
00:03:34 main ERROR com.huawei.structure.TrafficControlCenter.driveAllCars(132) 死锁
00:03:34 main INFO com.huawei.Main.main(35) ==相等
00:03:34 main INFO com.huawei.Main.main(37) equals相等
00:03:34 main INFO com.huawei.Main.main(39) Start write output file
00:03:34 main INFO com.huawei.Main.main(41) End...
00:03:53 main INFO com.huawei.Main.main(17) Start...
00:03:53 main INFO com.huawei.Main.main(23) carPath = /HDU_XuSheng/SDK_java/bin/config/car.txt roadPath = /HDU_XuSheng/SDK_java/bin/config/road.txt crossPath = /HDU_XuSheng/SDK_java/bin/config/cross.txt and answerPath = /HDU_XuSheng/SDK_java/bin/config/answer.txt
00:03:53 main INFO com.huawei.Main.main(26) start reaWARN No appenders could be found for logger (com.huawei.Main).d input files
00:03:53 main ERROR com.huawei.structure.TrafficControlCenter.driveAllCars(132) 死锁
00:03:53 main INFO com.huawei.Main.main(35) ==相等
00:03:53 main INFO com.huawei.Main.main(37) equals相等
00:03:53 main INFO com.huawei.Main.main(39) Start write output file
00:03:53 main INFO com.huawei.Main.main(41) End...
00:04:34 main INFO com.huawei.Main.main(17) Start...
00:04:34 main INFO com.huawei.Main.main(23) carPath = /HDU_XuSheng/SDK_java/bin/config/car.txt roadPath = /HDU_XuSheng/SDK_java/bin/config/road.txt crossPath = /HDU_XuSheng/SDK_java/bin/config/cross.txt and answerPath = /HDU_XuSheng/SDK_java/bin/config/answer.txt
00:04:34 main INFO com.huawei.Main.main(26) start reaWARN No appenders could be found for logger (com.huawei.Main).d input files
00:04:34 main ERROR com.huawei.structure.TrafficControlCenter.driveAllCars(132) 死锁
00:04:34 main INFO com.huawei.Main.main(35) ==相等
00:04:34 main INFO com.huawei.Main.main(37) equals相等
00:04:34 main INFO com.huawei.Main.main(39) Start write output file
00:04:34 main INFO com.huawei.Main.main(41) End...
00:04:58 main INFO com.huawei.Main.main(17) Start...
00:04:58 main INFO com.huawei.Main.main(23) carPath = /HDU_XuSheng/SDK_java/bin/config/car.txt roadPath = /HDU_XuSheng/SDK_java/bin/config/road.txt crossPath = /HDU_XuSheng/SDK_java/bin/config/cross.txt and answerPath = /HDU_XuSheng/SDK_java/bin/config/answer.txt
00:04:58 main INFO com.huawei.Main.main(26) start reaWARN No appenders could be found for logger (com.huawei.Main).d input files
00:04:58 main ERROR com.huawei.structure.TrafficControlCenter.driveAllCars(132) 死锁
00:04:58 main INFO com.huawei.Main.main(35) ==相等
00:04:58 main INFO com.huawei.Main.main(37) equals相等
00:04:58 main INFO com.huawei.Main.main(39) Start write output file
00:04:58 main INFO com.huawei.Main.main(41) End...
00:05:31 main INFO com.huawei.Main.main(17) Start...
00:05:31 main INFO com.huawei.Main.main(23) carPath = /HDU_XuSheng/SDK_java/bin/config/car.txt roadPath = /HDU_XuSheng/SDK_java/bin/config/road.txt crossPath = /HDU_XuSheng/SDK_java/bin/config/cross.txt and answerPath = /HDU_XuSheng/SDK_java/bin/config/answer.txt
00:05:31 main INFO com.huawei.Main.main(26) start reaWARN No appenders could be found for logger (com.huawei.Main).d input files
00:05:54 main ERROR com.huawei.structure.TrafficControlCenter.driveAllCars(132) 死锁
00:05:54 main INFO com.huawei.Main.main(35) ==相等
00:05:54 main INFO com.huawei.Main.main(37) equals相等
00:05:54 main INFO com.huawei.Main.main(39) Start write output file
00:05:54 main INFO com.huawei.Main.main(41) End...
00:07:48 main INFO com.huawei.Main.main(17) Start...
00:07:48 main INFO com.huawei.Main.main(23) carPath = /HDU_XuSheng/SDK_java/bin/config/car.txt roadPath = /HDU_XuSheng/SDK_java/bin/config/road.txt crossPath = /HDU_XuSheng/SDK_java/bin/config/cross.txt and answerPath = /HDU_XuSheng/SDK_java/bin/config/answer.txt
00:07:48 main INFO com.huawei.Main.main(26) start reaWARN No appenders could be found for logger (com.huawei.Main).d input files
00:08:43 main ERROR com.huawei.structure.TrafficControlCenter.driveAllCars(132) 死锁
00:08:43 main INFO com.huawei.Main.main(35) ==相等
00:08:43 main INFO com.huawei.Main.main(37) equals相等
00:08:43 main INFO com.huawei.Main.main(39) Start write output file
00:08:43 main INFO com.huawei.Main.main(41) End...
00:08:53 main INFO com.huawei.Main.main(17) Start...
00:08:53 main INFO com.huawei.Main.main(23) carPath = /HDU_XuSheng/SDK_java/bin/config/car.txt roadPath = /HDU_XuSheng/SDK_java/bin/config/road.txt crossPath = /HDU_XuSheng/SDK_java/bin/config/cross.txt and answerPath = /HDU_XuSheng/SDK_java/bin/config/answer.txt
00:08:53 main INFO com.huawei.Main.main(26) start reaWARN No appenders could be found for logger (com.huawei.Main).d input files
00:10:15 main ERROR com.huawei.structure.TrafficControlCenter.driveAllCars(132) 死锁
00:10:15 main INFO com.huawei.Main.main(35) ==相等
00:10:15 main INFO com.huawei.Main.main(37) equals相等
00:10:15 main INFO com.huawei.Main.main(39) Start write output file
00:10:15 main INFO com.huawei.Main.main(41) End...
00:10:27 main INFO com.huawei.Main.main(17) Start...
00:10:27 main INFO com.huawei.Main.main(23) carPath = /HDU_XuSheng/SDK_java/bin/config/car.txt roadPath = /HDU_XuSheng/SDK_java/bin/config/road.txt crossPath = /HDU_XuSheng/SDK_java/bin/config/cross.txt and answerPath = /HDU_XuSheng/SDK_java/bin/config/answer.txt
00:10:27 main INFO com.huawei.Main.main(26) start reaWARN No appenders could be found for logger (com.huawei.Main).d input files
00:11:18 main ERROR com.huawei.structure.TrafficControlCenter.driveAllCars(132) 死锁
00:11:18 main INFO com.huawei.Main.main(35) ==相等
00:11:18 main INFO com.huawei.Main.main(37) equals相等
00:11:18 main INFO com.huawei.Main.main(39) Start write output file
00:11:18 main INFO com.huawei.Main.main(41) End...
00:11:30 main INFO com.huawei.Main.main(17) Start...
00:11:30 main INFO com.huawei.Main.main(23) carPath = /HDU_XuSheng/SDK_java/bin/config/car.txt roadPath = /HDU_XuSheng/SDK_java/bin/config/road.txt crossPath = /HDU_XuSheng/SDK_java/bin/config/cross.txt and answerPath = /HDU_XuSheng/SDK_java/bin/config/answer.txt
00:11:30 main INFO com.huawei.Main.main(26) start reaWARN No appenders could be found for logger (com.huawei.Main).d input files
00:17:16 main ERROR com.huawei.structure.TrafficControlCenter.driveAllCars(132) 死锁
00:17:16 main INFO com.huawei.Main.main(35) ==相等
00:17:16 main INFO com.huawei.Main.main(37) equals相等
00:17:16 main INFO com.huawei.Main.main(39) Start write output file
00:17:16 main INFO com.huawei.Main.main(41) End...
00:17:18 main INFO com.huawei.Main.main(17) Start...
00:17:18 main INFO com.huawei.Main.main(23) carPath = /HDU_XuSheng/SDK_java/bin/config/car.txt roadPath = /HDU_XuSheng/SDK_java/bin/config/road.txt crossPath = /HDU_XuSheng/SDK_java/bin/config/cross.txt and answerPath = /HDU_XuSheng/SDK_java/bin/config/answer.txt
00:17:18 main INFO com.huawei.Main.main(26) start reaWARN No appenders could be found for logger (com.huawei.Main).d input files
00:17:18 main ERROR com.huawei.structure.TrafficControlCenter.driveAllCarInNet(154) 运行错误
00:17:18 main ERROR com.huawei.structure.TrafficControlCenter.driveAllCars(132) 死锁
00:17:18 main INFO com.huawei.Main.main(35) ==相等
00:17:18 main INFO com.huawei.Main.main(37) equals相等
00:17:18 main INFO com.huawei.Main.main(39) Start write output file
00:17:18 main INFO com.huawei.Main.main(41) End...
00:17:44 main INFO com.huawei.Main.main(17) Start...
00:17:44 main INFO com.huawei.Main.main(23) carPath = /HDU_XuSheng/SDK_java/bin/config/car.txt roadPath = /HDU_XuSheng/SDK_java/bin/config/road.txt crossPath = /HDU_XuSheng/SDK_java/bin/config/cross.txt and answerPath = /HDU_XuSheng/SDK_java/bin/config/answer.txt
00:17:44 main INFO com.huawei.Main.main(26) start reaWARN No appenders could be found for logger (com.huawei.Main).d input files
00:17:45 main ERROR com.huawei.structure.TrafficControlCenter.driveAllCars(132) 死锁
00:17:45 main INFO com.huawei.Main.main(35) ==相等
00:17:45 main INFO com.huawei.Main.main(37) equals相等
00:17:45 main INFO com.huawei.Main.main(39) Start write output file
00:17:45 main INFO com.huawei.Main.main(41) End...
00:18:02 main INFO com.huawei.Main.main(17) Start...
00:18:02 main INFO com.huawei.Main.main(23) carPath = /HDU_XuSheng/SDK_java/bin/config/car.txt roadPath = /HDU_XuSheng/SDK_java/bin/config/road.txt crossPath = /HDU_XuSheng/SDK_java/bin/config/cross.txt and answerPath = /HDU_XuSheng/SDK_java/bin/config/answer.txt
00:18:02 main INFO com.huawei.Main.main(26) start reaWARN No appenders could be found for logger (com.huawei.Main).d input files
00:18:02 main ERROR com.huawei.structure.TrafficControlCenter.driveAllCarInNet(154) 运行错误
00:18:02 main ERROR com.huawei.structure.TrafficControlCenter.driveAllCars(132) 死锁
00:18:02 main INFO com.huawei.Main.main(35) ==相等
00:18:02 main INFO com.huawei.Main.main(37) equals相等
00:18:02 main INFO com.huawei.Main.main(39) Start write output file
00:18:02 main INFO com.huawei.Main.main(41) End...
00:18:10 main INFO com.huawei.Main.main(17) Start...
00:18:10 main INFO com.huawei.Main.main(23) carPath = /HDU_XuSheng/SDK_java/bin/config/car.txt roadPath = /HDU_XuSheng/SDK_java/bin/config/road.txt crossPath = /HDU_XuSheng/SDK_java/bin/config/cross.txt and answerPath = /HDU_XuSheng/SDK_java/bin/config/answer.txt
00:18:10 main INFO com.huawei.Main.main(26) start reaWARN No appenders could be found for logger (com.huawei.Main).d input files
00:18:10 main ERROR com.huawei.structure.TrafficControlCenter.driveAllCarInNet(154) 运行错误
00:18:10 main ERROR com.huawei.structure.TrafficControlCenter.driveAllCars(132) 死锁
00:18:10 main INFO com.huawei.Main.main(35) ==相等
00:18:10 main INFO com.huawei.Main.main(37) equals相等
00:18:10 main INFO com.huawei.Main.main(39) Start write output file
00:18:10 main INFO com.huawei.Main.main(41) End...
00:18:23 main INFO com.huawei.Main.main(17) Start...
00:18:23 main INFO com.huawei.Main.main(23) carPath = /HDU_XuSheng/SDK_java/bin/config/car.txt roadPath = /HDU_XuSheng/SDK_java/bin/config/road.txt crossPath = /HDU_XuSheng/SDK_java/bin/config/cross.txt and answerPath = /HDU_XuSheng/SDK_java/bin/config/answer.txt
00:18:23 main INFO com.huawei.Main.main(26) start reaWARN No appenders could be found for logger (com.huawei.Main).d input files
00:18:33 main ERROR com.huawei.structure.TrafficControlCenter.driveAllCarInNet(154) 运行错误
00:19:56 main ERROR com.huawei.structure.TrafficControlCenter.driveAllCars(132) 死锁
00:19:56 main INFO com.huawei.Main.main(35) ==相等
00:19:56 main INFO com.huawei.Main.main(37) equals相等
00:19:56 main INFO com.huawei.Main.main(39) Start write output file
00:19:56 main INFO com.huawei.Main.main(41) End...
00:20:08 main INFO com.huawei.Main.main(17) Start...
00:20:08 main INFO com.huawei.Main.main(23) carPath = /HDU_XuSheng/SDK_java/bin/config/car.txt roadPath = /HDU_XuSheng/SDK_java/bin/config/road.txt crossPath = /HDU_XuSheng/SDK_java/bin/config/cross.txt and answerPath = /HDU_XuSheng/SDK_java/bin/config/answer.txt
00:20:08 main INFO com.huawei.Main.main(26) start reaWARN No appenders could be found for logger (com.huawei.Main).d input files
00:23:51 main ERROR com.huawei.structure.TrafficControlCenter.driveAllCarInNet(156) 运行错误
00:24:03 main ERROR com.huawei.structure.TrafficControlCenter.driveAllCars(134) 死锁
00:24:03 main INFO com.huawei.Main.main(35) ==相等
00:24:03 main INFO com.huawei.Main.main(37) equals相等
00:24:03 main INFO com.huawei.Main.main(39) Start write output file
00:24:03 main INFO com.huawei.Main.main(41) End...
00:24:14 main INFO com.huawei.Main.main(17) Start...
00:24:14 main INFO com.huawei.Main.main(23) carPath = /HDU_XuSheng/SDK_java/bin/config/car.txt roadPath = /HDU_XuSheng/SDK_java/bin/config/road.txt crossPath = /HDU_XuSheng/SDK_java/bin/config/cross.txt and answerPath = /HDU_XuSheng/SDK_java/bin/config/answer.txt
00:24:14 main INFO com.huawei.Main.main(26) start reaWARN No appenders could be found for logger (com.huawei.Main).d input files
00:27:32 main ERROR com.huawei.structure.TrafficControlCenter.driveAllCarInNet(156) 运行错误
00:27:54 main ERROR com.huawei.structure.TrafficControlCenter.driveAllCars(134) 死锁
00:27:54 main INFO com.huawei.Main.main(35) ==相等
00:27:54 main INFO com.huawei.Main.main(37) equals相等
00:27:54 main INFO com.huawei.Main.main(39) Start write output file
00:27:54 main INFO com.huawei.Main.main(41) End...
00:28:06 main INFO com.huawei.Main.main(17) Start...
00:28:06 main INFO com.huawei.Main.main(23) carPath = /HDU_XuSheng/SDK_java/bin/config/car.txt roadPath = /HDU_XuSheng/SDK_java/bin/config/road.txt crossPath = /HDU_XuSheng/SDK_java/bin/config/cross.txt and answerPath = /HDU_XuSheng/SDK_java/bin/config/answer.txt
00:28:06 main INFO com.huawei.Main.main(26) start reaWARN No appenders could be found for logger (com.huawei.Main).d input files
00:29:37 main ERROR com.huawei.structure.TrafficControlCenter.driveAllCarInNet(156) 运行错误
00:29:37 main ERROR com.huawei.structure.TrafficControlCenter.driveAllCars(134) 死锁
00:29:37 main INFO com.huawei.Main.main(35) ==相等
00:29:37 main INFO com.huawei.Main.main(37) equals相等
00:29:37 main INFO com.huawei.Main.main(39) Start write output file
00:29:37 main INFO com.huawei.Main.main(41) End...
00:29:49 main INFO com.huawei.Main.main(17) Start...
00:29:49 main INFO com.huawei.Main.main(23) carPath = /HDU_XuSheng/SDK_java/bin/config/car.txt roadPath = /HDU_XuSheng/SDK_java/bin/config/road.txt crossPath = /HDU_XuSheng/SDK_java/bin/config/cross.txt and answerPath = /HDU_XuSheng/SDK_java/bin/config/answer.txt
00:29:49 main INFO com.huawei.Main.main(26) start reaWARN No appenders could be found for logger (com.huawei.Main).d input files
00:29:49 main ERROR com.huawei.structure.TrafficControlCenter.driveAllCarInNet(158) 运行错误
00:30:13 main ERROR com.huawei.structure.TrafficControlCenter.driveAllCars(136) 死锁
00:30:13 main INFO com.huawei.Main.main(35) ==相等
00:30:13 main INFO com.huawei.Main.main(37) equals相等
00:30:13 main INFO com.huawei.Main.main(39) Start write output file
00:30:13 main INFO com.huawei.Main.main(41) End...
00:30:26 main INFO com.huawei.Main.main(17) Start...
00:30:26 main INFO com.huawei.Main.main(23) carPath = /HDU_XuSheng/SDK_java/bin/config/car.txt roadPath = /HDU_XuSheng/SDK_java/bin/config/road.txt crossPath = /HDU_XuSheng/SDK_java/bin/config/cross.txt and answerPath = /HDU_XuSheng/SDK_java/bin/config/answer.txt
00:30:26 main INFO com.huawei.Main.main(26) start reaWARN No appenders could be found for logger (com.huawei.Main).d input files
00:30:26 main ERROR com.huawei.structure.TrafficControlCenter.driveAllCarInNet(159) 运行错误
00:31:18 main ERROR com.huawei.structure.TrafficControlCenter.driveAllCars(137) 死锁
00:31:18 main INFO com.huawei.Main.main(35) ==相等
00:31:18 main INFO com.huawei.Main.main(37) equals相等
00:31:18 main INFO com.huawei.Main.main(39) Start write output file
00:31:18 main INFO com.huawei.Main.main(41) End...
00:31:30 main INFO com.huawei.Main.main(17) Start...
00:31:30 main INFO com.huawei.Main.main(23) carPath = /HDU_XuSheng/SDK_java/bin/config/car.txt roadPath = /HDU_XuSheng/SDK_java/bin/config/road.txt crossPath = /HDU_XuSheng/SDK_java/bin/config/cross.txt and answerPath = /HDU_XuSheng/SDK_java/bin/config/answer.txt
00:31:30 main INFO com.huawei.Main.main(26) start reaWARN No appenders could be found for logger (com.huawei.Main).d input files
00:31:30 main ERROR com.huawei.structure.TrafficControlCenter.driveAllCarInNet(163) 运行错误
00:32:10 main ERROR com.huawei.structure.TrafficControlCenter.driveAllCars(141) 死锁
00:32:10 main INFO com.huawei.Main.main(35) ==相等
00:32:10 main INFO com.huawei.Main.main(37) equals相等
00:32:10 main INFO com.huawei.Main.main(39) Start write output file
00:32:10 main INFO com.huawei.Main.main(41) End...
00:32:21 main INFO com.huawei.Main.main(17) Start...
00:32:21 main INFO com.huawei.Main.main(23) carPath = /HDU_XuSheng/SDK_java/bin/config/car.txt roadPath = /HDU_XuSheng/SDK_java/bin/config/road.txt crossPath = /HDU_XuSheng/SDK_java/bin/config/cross.txt and answerPath = /HDU_XuSheng/SDK_java/bin/config/answer.txt
00:32:21 main INFO com.huawei.Main.main(26) start reaWARN No appenders could be found for logger (com.huawei.Main).d input files
00:32:35 main ERROR com.huawei.structure.TrafficControlCenter.driveAllCarInNet(163) 运行错误
00:32:37 main ERROR com.huawei.structure.TrafficControlCenter.driveAllCars(141) 死锁
00:32:37 main INFO com.huawei.Main.main(35) ==相等
00:32:37 main INFO com.huawei.Main.main(37) equals相等
00:32:37 main INFO com.huawei.Main.main(39) Start write output file
00:32:37 main INFO com.huawei.Main.main(41) End...
00:32:47 main INFO com.huawei.Main.main(17) Start...
00:32:47 main INFO com.huawei.Main.main(23) carPath = /HDU_XuSheng/SDK_java/bin/config/car.txt roadPath = /HDU_XuSheng/SDK_java/bin/config/road.txt crossPath = /HDU_XuSheng/SDK_java/bin/config/cross.txt and answerPath = /HDU_XuSheng/SDK_java/bin/config/answer.txt
00:32:47 main INFO com.huawei.Main.main(26) start reaWARN No appenders could be found for logger (com.huawei.Main).d input files
00:34:17 main ERROR com.huawei.structure.TrafficControlCenter.driveAllCarInNet(163) 运行错误
00:34:17 main ERROR com.huawei.structure.TrafficControlCenter.driveAllCars(141) 死锁
00:34:17 main INFO com.huawei.Main.main(35) ==相等
00:34:17 main INFO com.huawei.Main.main(37) equals相等
00:34:17 main INFO com.huawei.Main.main(39) Start write output file
00:34:17 main INFO com.huawei.Main.main(41) End...
00:34:29 main INFO com.huawei.Main.main(17) Start...
00:34:29 main INFO com.huawei.Main.main(23) carPath = /HDU_XuSheng/SDK_java/bin/config/car.txt roadPath = /HDU_XuSheng/SDK_java/bin/config/road.txt crossPath = /HDU_XuSheng/SDK_java/bin/config/cross.txt and answerPath = /HDU_XuSheng/SDK_java/bin/config/answer.txt
00:34:29 main INFO com.huawei.Main.main(26) start reaWARN No appenders could be found for logger (com.huawei.Main).d input files
00:35:25 main ERROR com.huawei.structure.TrafficControlCenter.driveAllCarInNet(163) 运行错误
00:35:25 main ERROR com.huawei.structure.TrafficControlCenter.driveAllCars(141) 死锁
00:35:25 main INFO com.huawei.Main.main(35) ==相等
00:35:25 main INFO com.huawei.Main.main(37) equals相等
00:35:25 main INFO com.huawei.Main.main(39) Start write output file
00:35:25 main INFO com.huawei.Main.main(41) End...
00:35:37 main INFO com.huawei.Main.main(17) Start...
00:35:37 main INFO com.huawei.Main.main(23) carPath = /HDU_XuSheng/SDK_java/bin/config/car.txt roadPath = /HDU_XuSheng/SDK_java/bin/config/road.txt crossPath = /HDU_XuSheng/SDK_java/bin/config/cross.txt and answerPath = /HDU_XuSheng/SDK_java/bin/config/answer.txt
00:35:37 main INFO com.huawei.Main.main(26) start reaWARN No appenders could be found for logger (com.huawei.Main).d input files
00:58:57 main ERROR com.huawei.structure.TrafficControlCenter.driveAllCarInNet(164) 运行错误
00:58:57 main ERROR com.huawei.structure.TrafficControlCenter.driveAllCars(142) 死锁
00:58:57 main INFO com.huawei.Main.main(35) ==相等
00:58:57 main INFO com.huawei.Main.main(37) equals相等
00:58:57 main INFO com.huawei.Main.main(39) Start write output file
00:58:57 main INFO com.huawei.Main.main(41) End...
12:29:44 main INFO com.huawei.Main.main(17) Start...
12:29:44 main INFO com.huawei.Main.main(23) carPath = /HDU_XuSheng/SDK_java/bin/config/car.txt roadPath = /HDU_XuSheng/SDK_java/bin/config/road.txt crossPath = /HDU_XuSheng/SDK_java/bin/config/cross.txt and answerPath = /HDU_XuSheng/SDK_java/bin/config/answer.txt
12:29:44 main INFO com.huawei.Main.main(26) start reaWARN No appenders could be found for logger (com.huawei.Main).d input files
12:31:08 main INFO com.huawei.Main.main(17) Start...
12:31:08 main INFO com.huawei.Main.main(23) carPath = /HDU_XuSheng/SDK_java/bin/config/car.txt roadPath = /HDU_XuSheng/SDK_java/bin/config/road.txt crossPath = /HDU_XuSheng/SDK_java/bin/config/cross.txt and answerPath = /HDU_XuSheng/SDK_java/bin/config/answer.txt
12:31:08 main INFO com.huawei.Main.main(26) start reaWARN No appenders could be found for logger (com.huawei.Main).d input files
12:32:43 main ERROR com.huawei.structure.TrafficControlCenter.driveAllCars(141) 系统调度时间：318765
12:32:43 main ERROR com.huawei.structure.TrafficControlCenter.driveAllCars(142) 所有车辆总调度时间：1597287838
12:32:43 main INFO com.huawei.Main.main(35) ==相等
12:32:43 main INFO com.huawei.Main.main(37) equals相等
12:32:43 main INFO com.huawei.Main.main(39) Start write output file
12:32:43 main INFO com.huawei.Main.main(41) End...
12:32:59 main INFO com.huawei.Main.main(17) Start...
12:32:59 main INFO com.huawei.Main.main(23) carPath = /HDU_XuSheng/SDK_java/bin/config/car.txt roadPath = /HDU_XuSheng/SDK_java/bin/config/road.txt crossPath = /HDU_XuSheng/SDK_java/bin/config/cross.txt and answerPath = /HDU_XuSheng/SDK_java/bin/config/answer.txt
12:32:59 main INFO com.huawei.Main.main(26) start reaWARN No appenders could be found for logger (com.huawei.Main).d input files
12:33:20 main ERROR com.huawei.structure.TrafficControlCenter.driveAllCars(141) 系统调度时间：318765
12:33:20 main ERROR com.huawei.structure.TrafficControlCenter.driveAllCars(142) 所有车辆总调度时间：1597287838
12:33:20 main INFO com.huawei.Main.main(35) ==相等
12:33:20 main INFO com.huawei.Main.main(37) equals相等
12:33:20 main INFO com.huawei.Main.main(39) Start write output file
12:33:20 main INFO com.huawei.Main.main(41) End...
12:34:19 main INFO com.huawei.Main.main(17) Start...
12:34:19 main INFO com.huawei.Main.main(23) carPath = /HDU_XuSheng/SDK_java/bin/config/car.txt roadPath = /HDU_XuSheng/SDK_java/bin/config/road.txt crossPath = /HDU_XuSheng/SDK_java/bin/config/cross.txt and answerPath = /HDU_XuSheng/SDK_java/bin/config/answer.txt
12:34:19 main INFO com.huawei.Main.main(26) start reaWARN No appenders could be found for logger (com.huawei.Main).d input files
12:34:20 main ERROR com.huawei.structure.TrafficControlCenter.driveAllCars(133) 死锁
12:34:20 main INFO com.huawei.Main.main(35) ==相等
12:34:20 main INFO com.huawei.Main.main(37) equals相等
12:34:20 main INFO com.huawei.Main.main(39) Start write output file
12:34:20 main INFO com.huawei.Main.main(41) End...
12:34:38 main INFO com.huawei.Main.main(17) Start...
12:34:38 main INFO com.huawei.Main.main(23) carPath = /HDU_XuSheng/SDK_java/bin/config/car.txt roadPath = /HDU_XuSheng/SDK_java/bin/config/road.txt crossPath = /HDU_XuSheng/SDK_java/bin/config/cross.txt and answerPath = /HDU_XuSheng/SDK_java/bin/config/answer.txt
12:34:38 main INFO com.huawei.Main.main(26) start reaWARN No appenders could be found for logger (com.huawei.Main).d input files
12:39:20 main ERROR com.huawei.structure.TrafficControlCenter.driveAllCars(133) 死锁
12:39:20 main INFO com.huawei.Main.main(35) ==相等
12:39:20 main INFO com.huawei.Main.main(37) equals相等
12:39:20 main INFO com.huawei.Main.main(39) Start write output file
12:39:20 main INFO com.huawei.Main.main(41) End...
12:39:31 main INFO com.huawei.Main.main(17) Start...
12:39:31 main INFO com.huawei.Main.main(23) carPath = /HDU_XuSheng/SDK_java/bin/config/car.txt roadPath = /HDU_XuSheng/SDK_java/bin/config/road.txt crossPath = /HDU_XuSheng/SDK_java/bin/config/cross.txt and answerPath = /HDU_XuSheng/SDK_java/bin/config/answer.txt
12:39:31 main INFO com.huawei.Main.main(26) start reaWARN No appenders could be found for logger (com.huawei.Main).d input files
12:40:40 main ERROR com.huawei.structure.TrafficControlCenter.driveAllCars(133) 死锁
12:40:40 main INFO com.huawei.Main.main(35) ==相等
12:40:40 main INFO com.huawei.Main.main(37) equals相等
12:40:40 main INFO com.huawei.Main.main(39) Start write output file
12:40:40 main INFO com.huawei.Main.main(41) End...
12:40:52 main INFO com.huawei.Main.main(17) Start...
12:40:52 main INFO com.huawei.Main.main(23) carPath = /HDU_XuSheng/SDK_java/bin/config/car.txt roadPath = /HDU_XuSheng/SDK_java/bin/config/road.txt crossPath = /HDU_XuSheng/SDK_java/bin/config/cross.txt and answerPath = /HDU_XuSheng/SDK_java/bin/config/answer.txt
12:40:52 main INFO com.huawei.Main.main(26) start reaWARN No appenders could be found for logger (com.huawei.Main).d input files
12:42:14 main ERROR com.huawei.structure.TrafficControlCenter.driveAllCars(133) 死锁
12:42:14 main INFO com.huawei.Main.main(35) ==相等
12:42:14 main INFO com.huawei.Main.main(37) equals相等
12:42:14 main INFO com.huawei.Main.main(39) Start write output file
12:42:14 main INFO com.huawei.Main.main(41) End...
12:42:24 main INFO com.huawei.Main.main(17) Start...
12:42:24 main INFO com.huawei.Main.main(23) carPath = /HDU_XuSheng/SDK_java/bin/config/car.txt roadPath = /HDU_XuSheng/SDK_java/bin/config/road.txt crossPath = /HDU_XuSheng/SDK_java/bin/config/cross.txt and answerPath = /HDU_XuSheng/SDK_java/bin/config/answer.txt
12:42:24 main INFO com.huawei.Main.main(26) start reaWARN No appenders could be found for logger (com.huawei.Main).d input files
12:46:09 main ERROR com.huawei.structure.TrafficControlCenter.driveAllCars(133) 死锁
12:46:09 main INFO com.huawei.Main.main(35) ==相等
12:46:09 main INFO com.huawei.Main.main(37) equals相等
12:46:09 main INFO com.huawei.Main.main(39) Start write output file
12:46:09 main INFO com.huawei.Main.main(41) End...
12:46:21 main INFO com.huawei.Main.main(17) Start...
12:46:21 main INFO com.huawei.Main.main(23) carPath = /HDU_XuSheng/SDK_java/bin/config/car.txt roadPath = /HDU_XuSheng/SDK_java/bin/config/road.txt crossPath = /HDU_XuSheng/SDK_java/bin/config/cross.txt and answerPath = /HDU_XuSheng/SDK_java/bin/config/answer.txt
12:46:21 main INFO com.huawei.Main.main(26) start reaWARN No appenders could be found for logger (com.huawei.Main).d input files
13:04:12 main ERROR com.huawei.structure.TrafficControlCenter.driveAllCars(133) 死锁
13:04:12 main INFO com.huawei.Main.main(35) ==相等
13:04:12 main INFO com.huawei.Main.main(37) equals相等
13:04:12 main INFO com.huawei.Main.main(39) Start write output file
13:04:12 main INFO com.huawei.Main.main(41) End...
13:04:24 main INFO com.huawei.Main.main(17) Start...
13:04:24 main INFO com.huawei.Main.main(23) carPath = /HDU_XuSheng/SDK_java/bin/config/car.txt roadPath = /HDU_XuSheng/SDK_java/bin/config/road.txt crossPath = /HDU_XuSheng/SDK_java/bin/config/cross.txt and answerPath = /HDU_XuSheng/SDK_java/bin/config/answer.txt
13:04:24 main INFO com.huawei.Main.main(26) start reaWARN No appenders could be found for logger (com.huawei.Main).d input files
13:04:45 main ERROR com.huawei.structure.TrafficControlCenter.driveAllCars(133) 死锁
13:04:45 main INFO com.huawei.Main.main(35) ==相等
13:04:45 main INFO com.huawei.Main.main(37) equals相等
13:04:45 main INFO com.huawei.Main.main(39) Start write output file
13:04:45 main INFO com.huawei.Main.main(41) End...
13:04:55 main INFO com.huawei.Main.main(17) Start...
13:04:55 main INFO com.huawei.Main.main(23) carPath = /HDU_XuSheng/SDK_java/bin/config/car.txt roadPath = /HDU_XuSheng/SDK_java/bin/config/road.txt crossPath = /HDU_XuSheng/SDK_java/bin/config/cross.txt and answerPath = /HDU_XuSheng/SDK_java/bin/config/answer.txt
13:04:55 main INFO com.huawei.Main.main(26) start reaWARN No appenders could be found for logger (com.huawei.Main).d input files
13:11:06 main ERROR com.huawei.structure.TrafficControlCenter.driveAllCars(133) 死锁
13:11:06 main INFO com.huawei.Main.main(35) ==相等
13:11:06 main INFO com.huawei.Main.main(37) equals相等
13:11:06 main INFO com.huawei.Main.main(39) Start write output file
13:11:06 main INFO com.huawei.Main.main(41) End...
13:11:18 main INFO com.huawei.Main.main(17) Start...
13:11:18 main INFO com.huawei.Main.main(23) carPath = /HDU_XuSheng/SDK_java/bin/config/car.txt roadPath = /HDU_XuSheng/SDK_java/bin/config/road.txt crossPath = /HDU_XuSheng/SDK_java/bin/config/cross.txt and answerPath = /HDU_XuSheng/SDK_java/bin/config/answer.txt
13:11:18 main INFO com.huawei.Main.main(26) start reaWARN No appenders could be found for logger (com.huawei.Main).d input files
14:11:15 main ERROR com.huawei.structure.TrafficControlCenter.driveAllCars(133) 死锁
14:11:15 main INFO com.huawei.Main.main(35) ==相等
14:11:15 main INFO com.huawei.Main.main(37) equals相等
14:11:15 main INFO com.huawei.Main.main(39) Start write output file
14:11:15 main INFO com.huawei.Main.main(41) End...
14:11:17 main INFO com.huawei.Main.main(17) Start...
14:11:17 main INFO com.huawei.Main.main(23) carPath = /HDU_XuSheng/SDK_java/bin/config/car.txt roadPath = /HDU_XuSheng/SDK_java/bin/config/road.txt crossPath = /HDU_XuSheng/SDK_java/bin/config/cross.txt and answerPath = /HDU_XuSheng/SDK_java/bin/config/answer.txt
14:11:17 main INFO com.huawei.Main.main(26) start reaWARN No appenders could be found for logger (com.huawei.Main).d input files
14:11:31 main ERROR com.huawei.structure.TrafficControlCenter.driveAllCars(140) 系统调度时间：318757
14:11:31 main ERROR com.huawei.structure.TrafficControlCenter.driveAllCars(141) 所有车辆总调度时间：1597256481
14:11:31 main INFO com.huawei.Main.main(35) ==相等
14:11:31 main INFO com.huawei.Main.main(37) equals相等
14:11:31 main INFO com.huawei.Main.main(39) Start write output file
14:11:31 main INFO com.huawei.Main.main(41) End...
14:14:14 main INFO com.huawei.Main.main(17) Start...
14:14:14 main INFO com.huawei.Main.main(23) carPath = /HDU_XuSheng/SDK_java/bin/config/car.txt roadPath = /HDU_XuSheng/SDK_java/bin/config/road.txt crossPath = /HDU_XuSheng/SDK_java/bin/config/cross.txt and answerPath = /HDU_XuSheng/SDK_java/bin/config/answer.txt
14:14:14 main INFO com.huawei.Main.main(26) start reaWARN No appenders could be found for logger (com.huawei.Main).d input files
14:14:30 main ERROR com.huawei.structure.TrafficControlCenter.driveAllCars(140) 系统调度时间：318757
14:14:30 main ERROR com.huawei.structure.TrafficControlCenter.driveAllCars(141) 所有车辆总调度时间：1597256481
14:14:30 main INFO com.huawei.Main.main(35) ==相等
14:14:30 main INFO com.huawei.Main.main(37) equals相等
14:14:30 main INFO com.huawei.Main.main(39) Start write output file
14:14:30 main INFO com.huawei.Main.main(41) End...
14:14:36 main INFO com.huawei.Main.main(17) Start...
14:14:36 main INFO com.huawei.Main.main(23) carPath = /HDU_XuSheng/SDK_java/bin/config/car.txt roadPath = /HDU_XuSheng/SDK_java/bin/config/road.txt crossPath = /HDU_XuSheng/SDK_java/bin/config/cross.txt and answerPath = /HDU_XuSheng/SDK_java/bin/config/answer.txt
14:14:36 main INFO com.huawei.Main.main(26) start reaWARN No appenders could be found for logger (com.huawei.Main).d input files
14:15:11 main INFO com.huawei.Main.main(17) Start...
14:15:11 main INFO com.huawei.Main.main(23) carPath = /HDU_XuSheng/SDK_java/bin/config/car.txt roadPath = /HDU_XuSheng/SDK_java/bin/config/road.txt crossPath = /HDU_XuSheng/SDK_java/bin/config/cross.txt and answerPath = /HDU_XuSheng/SDK_java/bin/config/answer.txt
14:15:11 main INFO com.huawei.Main.main(26) start reaWARN No appenders could be found for logger (com.huawei.Main).d input files
14:25:11 main INFO com.huawei.Main.main(17) Start...
14:25:11 main INFO com.huawei.Main.main(23) carPath = /HDU_XuSheng/SDK_java/bin/config/car.txt roadPath = /HDU_XuSheng/SDK_java/bin/config/road.txt crossPath = /HDU_XuSheng/SDK_java/bin/config/cross.txt and answerPath = /HDU_XuSheng/SDK_java/bin/config/answer.txt
14:25:11 main INFO com.huawei.Main.main(26) start reaWARN No appenders could be found for logger (com.huawei.Main).d input files
14:28:03 main INFO com.huawei.Main.main(17) Start...
14:28:03 main INFO com.huawei.Main.main(23) carPath = /HDU_XuSheng/SDK_java/bin/config/car.txt roadPath = /HDU_XuSheng/SDK_java/bin/config/road.txt crossPath = /HDU_XuSheng/SDK_java/bin/config/cross.txt and answerPath = /HDU_XuSheng/SDK_java/bin/config/answer.txt
14:28:03 main INFO com.huawei.Main.main(26) start reaWARN No appenders could be found for logger (com.huawei.Main).d input files
14:29:58 main INFO com.huawei.Main.main(17) Start...
14:29:58 main INFO com.huawei.Main.main(23) carPath = /HDU_XuSheng/SDK_java/bin/config/car.txt roadPath = /HDU_XuSheng/SDK_java/bin/config/road.txt crossPath = /HDU_XuSheng/SDK_java/bin/config/cross.txt and answerPath = /HDU_XuSheng/SDK_java/bin/config/answer.txt
14:29:58 main INFO com.huawei.Main.main(26) start reaWARN No appenders could be found for logger (com.huawei.Main).d input files
14:39:42 main INFO com.huawei.Main.main(17) Start...
14:39:42 main INFO com.huawei.Main.main(23) carPath = /HDU_XuSheng/SDK_java/bin/config/car.txt roadPath = /HDU_XuSheng/SDK_java/bin/config/road.txt crossPath = /HDU_XuSheng/SDK_java/bin/config/cross.txt and answerPath = /HDU_XuSheng/SDK_java/bin/config/answer.txt
14:39:42 main INFO com.huawei.Main.main(26) start reaWARN No appenders could be found for logger (com.huawei.Main).d input files
14:40:16 main ERROR com.huawei.structure.TrafficControlCenter.driveAllCars(134) 死锁
14:40:16 main INFO com.huawei.Main.main(35) ==相等
14:40:16 main INFO com.huawei.Main.main(37) equals相等
14:40:16 main INFO com.huawei.Main.main(39) Start write output file
14:40:16 main INFO com.huawei.Main.main(41) End...
14:40:18 main INFO com.huawei.Main.main(17) Start...
14:40:18 main INFO com.huawei.Main.main(23) carPath = /HDU_XuSheng/SDK_java/bin/config/car.txt roadPath = /HDU_XuSheng/SDK_java/bin/config/road.txt crossPath = /HDU_XuSheng/SDK_java/bin/config/cross.txt and answerPath = /HDU_XuSheng/SDK_java/bin/config/answer.txt
14:40:18 main INFO com.huawei.Main.main(26) start reaWARN No appenders could be found for logger (com.huawei.Main).d input files
14:40:35 main ERROR com.huawei.structure.TrafficControlCenter.driveAllCars(142) 系统调度时间：318757
14:40:35 main ERROR com.huawei.structure.TrafficControlCenter.driveAllCars(143) 所有车辆总调度时间：1597256481
14:40:35 main INFO com.huawei.Main.main(35) ==相等
14:40:35 main INFO com.huawei.Main.main(37) equals相等
14:40:35 main INFO com.huawei.Main.main(39) Start write output file
14:40:35 main INFO com.huawei.Main.main(41) End...
14:40:49 main INFO com.huawei.Main.main(17) Start...
14:40:49 main INFO com.huawei.Main.main(23) carPath = /HDU_XuSheng/SDK_java/bin/config/car.txt roadPath = /HDU_XuSheng/SDK_java/bin/config/road.txt crossPath = /HDU_XuSheng/SDK_java/bin/config/cross.txt and answerPath = /HDU_XuSheng/SDK_java/bin/config/answer.txt
14:40:49 main INFO com.huawei.Main.main(26) start reaWARN No appenders could be found for logger (com.huawei.Main).d input files
14:41:08 main INFO com.huawei.Main.main(17) Start...
14:41:08 main INFO com.huawei.Main.main(23) carPath = /HDU_XuSheng/SDK_java/bin/config/car.txt roadPath = /HDU_XuSheng/SDK_java/bin/config/road.txt crossPath = /HDU_XuSheng/SDK_java/bin/config/cross.txt and answerPath = /HDU_XuSheng/SDK_java/bin/config/answer.txt
14:41:08 main INFO com.huawei.Main.main(26) start reaWARN No appenders could be found for logger (com.huawei.Main).d input files
14:41:24 main ERROR com.huawei.structure.TrafficControlCenter.driveAllCars(134) 死锁
14:41:24 main INFO com.huawei.Main.main(35) ==相等
14:41:24 main INFO com.huawei.Main.main(37) equals相等
14:41:24 main INFO com.huawei.Main.main(39) Start write output file
14:41:24 main INFO com.huawei.Main.main(41) End...
14:41:34 main INFO com.huawei.Main.main(17) Start...
14:41:34 main INFO com.huawei.Main.main(23) carPath = /HDU_XuSheng/SDK_java/bin/config/car.txt roadPath = /HDU_XuSheng/SDK_java/bin/config/road.txt crossPath = /HDU_XuSheng/SDK_java/bin/config/cross.txt and answerPath = /HDU_XuSheng/SDK_java/bin/config/answer.txt
14:41:34 main INFO com.huawei.Main.main(26) start reaWARN No appenders could be found for logger (com.huawei.Main).d input files
14:43:39 main INFO com.huawei.Main.main(17) Start...
14:43:39 main INFO com.huawei.Main.main(23) carPath = /HDU_XuSheng/SDK_java/bin/config/car.txt roadPath = /HDU_XuSheng/SDK_java/bin/config/road.txt crossPath = /HDU_XuSheng/SDK_java/bin/config/cross.txt and answerPath = /HDU_XuSheng/SDK_java/bin/config/answer.txt
14:43:39 main INFO com.huawei.Main.main(26) start reaWARN No appenders could be found for logger (com.huawei.Main).d input files
14:47:12 main INFO com.huawei.Main.main(17) Start...
14:47:12 main INFO com.huawei.Main.main(23) carPath = /HDU_XuSheng/SDK_java/bin/config/car.txt roadPath = /HDU_XuSheng/SDK_java/bin/config/road.txt crossPath = /HDU_XuSheng/SDK_java/bin/config/cross.txt and answerPath = /HDU_XuSheng/SDK_java/bin/config/answer.txt
14:47:12 main INFO com.huawei.Main.main(26) start reaWARN No appenders could be found for logger (com.huawei.Main).d input files
14:52:23 main INFO com.huawei.Main.main(17) Start...
14:52:23 main INFO com.huawei.Main.main(23) carPath = /HDU_XuSheng/SDK_java/bin/config/car.txt roadPath = /HDU_XuSheng/SDK_java/bin/config/road.txt crossPath = /HDU_XuSheng/SDK_java/bin/config/cross.txt and answerPath = /HDU_XuSheng/SDK_java/bin/config/answer.txt
14:52:23 main INFO com.huawei.Main.main(26) start reaWARN No appenders could be found for logger (com.huawei.Main).d input files
14:54:30 main INFO com.huawei.Main.main(17) Start...
14:54:30 main INFO com.huawei.Main.main(23) carPath = /HDU_XuSheng/SDK_java/bin/config/car.txt roadPath = /HDU_XuSheng/SDK_java/bin/config/road.txt crossPath = /HDU_XuSheng/SDK_java/bin/config/cross.txt and answerPath = /HDU_XuSheng/SDK_java/bin/config/answer.txt
14:54:30 main INFO com.huawei.Main.main(26) start reaWARN No appenders could be found for logger (com.huawei.Main).d input files
14:56:37 main INFO com.huawei.Main.main(17) Start...
14:56:37 main INFO com.huawei.Main.main(23) carPath = /HDU_XuSheng/SDK_java/bin/config/car.txt roadPath = /HDU_XuSheng/SDK_java/bin/config/road.txt crossPath = /HDU_XuSheng/SDK_java/bin/config/cross.txt and answerPath = /HDU_XuSheng/SDK_java/bin/config/answer.txt
14:56:37 main INFO com.huawei.Main.main(26) start reaWARN No appenders could be found for logger (com.huawei.Main).d input files
15:05:16 main INFO com.huawei.Main.main(17) Start...
15:05:16 main INFO com.huawei.Main.main(23) carPath = /HDU_XuSheng/SDK_java/bin/config/car.txt roadPath = /HDU_XuSheng/SDK_java/bin/config/road.txt crossPath = /HDU_XuSheng/SDK_java/bin/config/cross.txt and answerPath = /HDU_XuSheng/SDK_java/bin/config/answer.txt
15:05:16 main INFO com.huawei.Main.main(26) start reaWARN No appenders could be found for logger (com.huawei.Main).d input files
15:08:54 main INFO com.huawei.Main.main(17) Start...
15:08:54 main INFO com.huawei.Main.main(23) carPath = /HDU_XuSheng/SDK_java/bin/config/car.txt roadPath = /HDU_XuSheng/SDK_java/bin/config/road.txt crossPath = /HDU_XuSheng/SDK_java/bin/config/cross.txt and answerPath = /HDU_XuSheng/SDK_java/bin/config/answer.txt
15:08:54 main INFO com.huawei.Main.main(26) start reaWARN No appenders could be found for logger (com.huawei.Main).d input files
15:18:36 main INFO com.huawei.Main.main(17) Start...
15:18:36 main INFO com.huawei.Main.main(23) carPath = /HDU_XuSheng/SDK_java/bin/config/car.txt roadPath = /HDU_XuSheng/SDK_java/bin/config/road.txt crossPath = /HDU_XuSheng/SDK_java/bin/config/cross.txt and answerPath = /HDU_XuSheng/SDK_java/bin/config/answer.txt
15:18:36 main INFO com.huawei.Main.main(26) start reaWARN No appenders could be found for logger (com.huawei.Main).d input files
15:21:00 main INFO com.huawei.Main.main(17) Start...
15:21:00 main INFO com.huawei.Main.main(23) carPath = /HDU_XuSheng/SDK_java/bin/config/car.txt roadPath = /HDU_XuSheng/SDK_java/bin/config/road.txt crossPath = /HDU_XuSheng/SDK_java/bin/config/cross.txt and answerPath = /HDU_XuSheng/SDK_java/bin/config/answer.txt
15:21:00 main INFO com.huawei.Main.main(26) start reaWARN No appenders could be found for logger (com.huawei.Main).d input files
15:21:34 main ERROR com.huawei.structure.TrafficControlCenter.driveAllCars(134) 死锁
15:21:34 main INFO com.huawei.Main.main(35) ==相等
15:21:34 main INFO com.huawei.Main.main(37) equals相等
15:21:34 main INFO com.huawei.Main.main(39) Start write output file
15:21:34 main INFO com.huawei.Main.main(41) End...
15:21:58 main INFO com.huawei.Main.main(17) Start...
15:21:58 main INFO com.huawei.Main.main(23) carPath = /HDU_XuSheng/SDK_java/bin/config/car.txt roadPath = /HDU_XuSheng/SDK_java/bin/config/road.txt crossPath = /HDU_XuSheng/SDK_java/bin/config/cross.txt and answerPath = /HDU_XuSheng/SDK_java/bin/config/answer.txt
15:21:58 main INFO com.huawei.Main.main(26) start reaWARN No appenders could be found for logger (com.huawei.Main).d input files
15:22:05 main ERROR com.huawei.structure.TrafficControlCenter.driveAllCars(134) 死锁
15:22:05 main INFO com.huawei.Main.main(35) ==相等
15:22:05 main INFO com.huawei.Main.main(37) equals相等
15:22:05 main INFO com.huawei.Main.main(39) Start write output file
15:22:05 main INFO com.huawei.Main.main(41) End...
15:23:40 main INFO com.huawei.Main.main(17) Start...
15:23:40 main INFO com.huawei.Main.main(23) carPath = /HDU_XuSheng/SDK_java/bin/config/car.txt roadPath = /HDU_XuSheng/SDK_java/bin/config/road.txt crossPath = /HDU_XuSheng/SDK_java/bin/config/cross.txt and answerPath = /HDU_XuSheng/SDK_java/bin/config/answer.txt
15:23:40 main INFO com.huawei.Main.main(26) start reaWARN No appenders could be found for logger (com.huawei.Main).d input files
15:23:41 main ERROR com.huawei.structure.TrafficControlCenter.driveAllCars(134) 死锁
15:23:41 main INFO com.huawei.Main.main(35) ==相等
15:23:41 main INFO com.huawei.Main.main(37) equals相等
15:23:41 main INFO com.huawei.Main.main(39) Start write output file
15:23:41 main INFO com.huawei.Main.main(41) End...
15:24:04 main INFO com.huawei.Main.main(17) Start...
15:24:04 main INFO com.huawei.Main.main(23) carPath = /HDU_XuSheng/SDK_java/bin/config/car.txt roadPath = /HDU_XuSheng/SDK_java/bin/config/road.txt crossPath = /HDU_XuSheng/SDK_java/bin/config/cross.txt and answerPath = /HDU_XuSheng/SDK_java/bin/config/answer.txt
15:24:04 main INFO com.huawei.Main.main(26) start reaWARN No appenders could be found for logger (com.huawei.Main).d input files
15:24:05 main ERROR com.huawei.structure.TrafficControlCenter.driveAllCars(134) 死锁
15:24:05 main INFO com.huawei.Main.main(35) ==相等
15:24:05 main INFO com.huawei.Main.main(37) equals相等
15:24:05 main INFO com.huawei.Main.main(39) Start write output file
15:24:05 main INFO com.huawei.Main.main(41) End...
15:24:33 main INFO com.huawei.Main.main(17) Start...
15:24:33 main INFO com.huawei.Main.main(23) carPath = /HDU_XuSheng/SDK_java/bin/config/car.txt roadPath = /HDU_XuSheng/SDK_java/bin/config/road.txt crossPath = /HDU_XuSheng/SDK_java/bin/config/cross.txt and answerPath = /HDU_XuSheng/SDK_java/bin/config/answer.txt
15:24:33 main INFO com.huawei.Main.main(26) start reaWARN No appenders could be found for logger (com.huawei.Main).d input files
15:30:22 main ERROR com.huawei.structure.TrafficControlCenter.driveAllCars(134) 死锁
15:30:22 main INFO com.huawei.Main.main(35) ==相等
15:30:22 main INFO com.huawei.Main.main(37) equals相等
15:30:22 main INFO com.huawei.Main.main(39) Start write output file
15:30:22 main INFO com.huawei.Main.main(41) End...
15:30:33 main INFO com.huawei.Main.main(17) Start...
15:30:33 main INFO com.huawei.Main.main(23) carPath = /HDU_XuSheng/SDK_java/bin/config/car.txt roadPath = /HDU_XuSheng/SDK_java/bin/config/road.txt crossPath = /HDU_XuSheng/SDK_java/bin/config/cross.txt and answerPath = /HDU_XuSheng/SDK_java/bin/config/answer.txt
15:30:33 main INFO com.huawei.Main.main(26) start reaWARN No appenders could be found for logger (com.huawei.Main).d input files
15:33:54 main ERROR com.huawei.structure.TrafficControlCenter.driveAllCars(134) 死锁
15:33:54 main INFO com.huawei.Main.main(35) ==相等
15:33:54 main INFO com.huawei.Main.main(37) equals相等
15:33:54 main INFO com.huawei.Main.main(39) Start write output file
15:33:54 main INFO com.huawei.Main.main(41) End...
15:34:04 main INFO com.huawei.Main.main(17) Start...
15:34:04 main INFO com.huawei.Main.main(23) carPath = /HDU_XuSheng/SDK_java/bin/config/car.txt roadPath = /HDU_XuSheng/SDK_java/bin/config/road.txt crossPath = /HDU_XuSheng/SDK_java/bin/config/cross.txt and answerPath = /HDU_XuSheng/SDK_java/bin/config/answer.txt
15:34:04 main INFO com.huawei.Main.main(26) start reaWARN No appenders could be found for logger (com.huawei.Main).d input files
15:36:09 main ERROR com.huawei.structure.TrafficControlCenter.driveAllCars(134) 死锁
15:36:09 main INFO com.huawei.Main.main(35) ==相等
15:36:09 main INFO com.huawei.Main.main(37) equals相等
15:36:09 main INFO com.huawei.Main.main(39) Start write output file
15:36:09 main INFO com.huawei.Main.main(41) End...
15:36:21 main INFO com.huawei.Main.main(17) Start...
15:36:21 main INFO com.huawei.Main.main(23) carPath = /HDU_XuSheng/SDK_java/bin/config/car.txt roadPath = /HDU_XuSheng/SDK_java/bin/config/road.txt crossPath = /HDU_XuSheng/SDK_java/bin/config/cross.txt and answerPath = /HDU_XuSheng/SDK_java/bin/config/answer.txt
15:36:21 main INFO com.huawei.Main.main(26) start reaWARN No appenders could be found for logger (com.huawei.Main).d input files
15:38:37 main ERROR com.huawei.structure.TrafficControlCenter.driveAllCars(134) 死锁
15:38:37 main INFO com.huawei.Main.main(35) ==相等
15:38:37 main INFO com.huawei.Main.main(37) equals相等
15:38:37 main INFO com.huawei.Main.main(39) Start write output file
15:38:37 main INFO com.huawei.Main.main(41) End...
15:38:47 main INFO com.huawei.Main.main(17) Start...
15:38:47 main INFO com.huawei.Main.main(23) carPath = /HDU_XuSheng/SDK_java/bin/config/car.txt roadPath = /HDU_XuSheng/SDK_java/bin/config/road.txt crossPath = /HDU_XuSheng/SDK_java/bin/config/cross.txt and answerPath = /HDU_XuSheng/SDK_java/bin/config/answer.txt
15:38:47 main INFO com.huawei.Main.main(26) start reaWARN No appenders could be found for logger (com.huawei.Main).d input files
15:39:42 main ERROR com.huawei.structure.TrafficControlCenter.driveAllCars(134) 死锁
15:39:42 main INFO com.huawei.Main.main(35) ==相等
15:39:42 main INFO com.huawei.Main.main(37) equals相等
15:39:42 main INFO com.huawei.Main.main(39) Start write output file
15:39:42 main INFO com.huawei.Main.main(41) End...
15:39:53 main INFO com.huawei.Main.main(17) Start...
15:39:53 main INFO com.huawei.Main.main(23) carPath = /HDU_XuSheng/SDK_java/bin/config/car.txt roadPath = /HDU_XuSheng/SDK_java/bin/config/road.txt crossPath = /HDU_XuSheng/SDK_java/bin/config/cross.txt and answerPath = /HDU_XuSheng/SDK_java/bin/config/answer.txt
15:39:53 main INFO com.huawei.Main.main(26) start reaWARN No appenders could be found for logger (com.huawei.Main).d input files
15:46:05 main ERROR com.huawei.structure.TrafficControlCenter.driveAllCars(134) 死锁
15:46:05 main INFO com.huawei.Main.main(35) ==相等
15:46:05 main INFO com.huawei.Main.main(37) equals相等
15:46:05 main INFO com.huawei.Main.main(39) Start write output file
15:46:05 main INFO com.huawei.Main.main(41) End...
15:46:17 main INFO com.huawei.Main.main(17) Start...
15:46:17 main INFO com.huawei.Main.main(23) carPath = /HDU_XuSheng/SDK_java/bin/config/car.txt roadPath = /HDU_XuSheng/SDK_java/bin/config/road.txt crossPath = /HDU_XuSheng/SDK_java/bin/config/cross.txt and answerPath = /HDU_XuSheng/SDK_java/bin/config/answer.txt
15:46:17 main INFO com.huawei.Main.main(26) start reaWARN No appenders could be found for logger (com.huawei.Main).d input files
15:47:16 main ERROR com.huawei.structure.TrafficControlCenter.driveAllCars(142) 系统调度时间：10338
15:47:16 main ERROR com.huawei.structure.TrafficControlCenter.driveAllCars(143) 所有车辆总调度时间：52683239
15:47:16 main INFO com.huawei.Main.main(35) ==相等
15:47:16 main INFO com.huawei.Main.main(37) equals相等
15:47:16 main INFO com.huawei.Main.main(39) Start write output file
15:47:16 main INFO com.huawei.Main.main(41) End...
15:47:44 main INFO com.huawei.Main.main(17) Start...
15:47:44 main INFO com.huawei.Main.main(23) carPath = /HDU_XuSheng/SDK_java/bin/config/car.txt roadPath = /HDU_XuSheng/SDK_java/bin/config/road.txt crossPath = /HDU_XuSheng/SDK_java/bin/config/cross.txt and answerPath = /HDU_XuSheng/SDK_java/bin/config/answer.txt
15:47:44 main INFO com.huawei.Main.main(26) start reaWARN No appenders could be found for logger (com.huawei.Main).d input files
15:47:46 main ERROR com.huawei.structure.TrafficControlCenter.driveAllCars(142) 系统调度时间：10338
15:47:46 main ERROR com.huawei.structure.TrafficControlCenter.driveAllCars(143) 所有车辆总调度时间：52683239
15:47:46 main INFO com.huawei.Main.main(35) ==相等
15:47:46 main INFO com.huawei.Main.main(37) equals相等
15:47:46 main INFO com.huawei.Main.main(39) Start write output file
15:47:46 main INFO com.huawei.Main.main(41) End...
15:48:36 main INFO com.huawei.Main.main(17) Start...
15:48:36 main INFO com.huawei.Main.main(23) carPath = /HDU_XuSheng/SDK_java/bin/config/car.txt roadPath = /HDU_XuSheng/SDK_java/bin/config/road.txt crossPath = /HDU_XuSheng/SDK_java/bin/config/cross.txt and answerPath = /HDU_XuSheng/SDK_java/bin/config/answer.txt
15:48:36 main INFO com.huawei.Main.main(26) start reaWARN No appenders could be found for logger (com.huawei.Main).d input files
15:48:36 main ERROR com.huawei.structure.TrafficControlCenter.driveAllCars(142) 系统调度时间：768
15:48:36 main ERROR com.huawei.structure.TrafficControlCenter.driveAllCars(143) 所有车辆总调度时间：765
15:48:36 main INFO com.huawei.Main.main(35) ==相等
15:48:36 main INFO com.huawei.Main.main(37) equals相等
15:48:36 main INFO com.huawei.Main.main(39) Start write output file
15:48:36 main INFO com.huawei.Main.main(41) End...
15:48:45 main INFO com.huawei.Main.main(17) Start...
15:48:45 main INFO com.huawei.Main.main(23) carPath = /HDU_XuSheng/SDK_java/bin/config/car.txt roadPath = /HDU_XuSheng/SDK_java/bin/config/road.txt crossPath = /HDU_XuSheng/SDK_java/bin/config/cross.txt and answerPath = /HDU_XuSheng/SDK_java/bin/config/answer.txt
15:48:45 main INFO com.huawei.Main.main(26) start reaWARN No appenders could be found for logger (com.huawei.Main).d input files
15:48:47 main ERROR com.huawei.structure.TrafficControlCenter.driveAllCars(142) 系统调度时间：10338
15:48:47 main ERROR com.huawei.structure.TrafficControlCenter.driveAllCars(143) 所有车辆总调度时间：52683239
15:48:47 main INFO com.huawei.Main.main(35) ==相等
15:48:47 main INFO com.huawei.Main.main(37) equals相等
15:48:47 main INFO com.huawei.Main.main(39) Start write output file
15:48:47 main INFO com.huawei.Main.main(41) End...
15:57:54 main INFO com.huawei.Main.main(17) Start...
15:57:54 main INFO com.huawei.Main.main(23) carPath = /HDU_XuSheng/SDK_java/bin/config/car.txt roadPath = /HDU_XuSheng/SDK_java/bin/config/road.txt crossPath = /HDU_XuSheng/SDK_java/bin/config/cross.txt and answerPath = /HDU_XuSheng/SDK_java/bin/config/answer.txt
15:57:54 main INFO com.huawei.Main.main(26) start reaWARN No appenders could be found for logger (com.huawei.Main).d input files
15:57:55 main ERROR com.huawei.structure.TrafficControlCenter.driveAllCars(142) 系统调度时间：5974
15:57:55 main ERROR com.huawei.structure.TrafficControlCenter.driveAllCars(143) 所有车辆总调度时间：17747519
15:57:55 main INFO com.huawei.Main.main(35) ==相等
15:57:55 main INFO com.huawei.Main.main(37) equals相等
15:57:55 main INFO com.huawei.Main.main(39) Start write output file
15:57:55 main INFO com.huawei.Main.main(41) End...
15:58:09 main INFO com.huawei.Main.main(17) Start...
15:58:09 main INFO com.huawei.Main.main(23) carPath = /HDU_XuSheng/SDK_java/bin/config/car.txt roadPath = /HDU_XuSheng/SDK_java/bin/config/road.txt crossPath = /HDU_XuSheng/SDK_java/bin/config/cross.txt and answerPath = /HDU_XuSheng/SDK_java/bin/config/answer.txt
15:58:09 main INFO com.huawei.Main.main(26) start reaWARN No appenders could be found for logger (com.huawei.Main).d input files
15:58:10 main ERROR com.huawei.structure.TrafficControlCenter.driveAllCars(142) 系统调度时间：948
15:58:10 main ERROR com.huawei.structure.TrafficControlCenter.driveAllCars(143) 所有车辆总调度时间：442716
15:58:10 main INFO com.huawei.Main.main(35) ==相等
15:58:10 main INFO com.huawei.Main.main(37) equals相等
15:58:10 main INFO com.huawei.Main.main(39) Start write output file
15:58:10 main INFO com.huawei.Main.main(41) End...
15:58:31 main INFO com.huawei.Main.main(17) Start...
15:58:31 main INFO com.huawei.Main.main(23) carPath = /HDU_XuSheng/SDK_java/bin/config/car.txt roadPath = /HDU_XuSheng/SDK_java/bin/config/road.txt crossPath = /HDU_XuSheng/SDK_java/bin/config/cross.txt and answerPath = /HDU_XuSheng/SDK_java/bin/config/answer.txt
15:58:31 main INFO com.huawei.Main.main(26) start reaWARN No appenders could be found for logger (com.huawei.Main).d input files
15:58:32 main ERROR com.huawei.structure.TrafficControlCenter.driveAllCars(142) 系统调度时间：472
15:58:32 main ERROR com.huawei.structure.TrafficControlCenter.driveAllCars(143) 所有车辆总调度时间：109117
15:58:32 main INFO com.huawei.Main.main(35) ==相等
15:58:32 main INFO com.huawei.Main.main(37) equals相等
15:58:32 main INFO com.huawei.Main.main(39) Start write output file
15:58:32 main INFO com.huawei.Main.main(41) End...
15:58:53 main INFO com.huawei.Main.main(17) Start...
15:58:53 main INFO com.huawei.Main.main(23) carPath = /HDU_XuSheng/SDK_java/bin/config/car.txt roadPath = /HDU_XuSheng/SDK_java/bin/config/road.txt crossPath = /HDU_XuSheng/SDK_java/bin/config/cross.txt and answerPath = /HDU_XuSheng/SDK_java/bin/config/answer.txt
15:58:53 main INFO com.huawei.Main.main(26) start reaWARN No appenders could be found for logger (com.huawei.Main).d input files
15:58:53 main ERROR com.huawei.structure.TrafficControlCenter.driveAllCars(142) 系统调度时间：277
15:58:53 main ERROR com.huawei.structure.TrafficControlCenter.driveAllCars(143) 所有车辆总调度时间：36898
15:58:53 main INFO com.huawei.Main.main(35) ==相等
15:58:53 main INFO com.huawei.Main.main(37) equals相等
15:58:53 main INFO com.huawei.Main.main(39) Start write output file
15:58:53 main INFO com.huawei.Main.main(41) End...
15:59:05 main INFO com.huawei.Main.main(17) Start...
15:59:05 main INFO com.huawei.Main.main(23) carPath = /HDU_XuSheng/SDK_java/bin/config/car.txt roadPath = /HDU_XuSheng/SDK_java/bin/config/road.txt crossPath = /HDU_XuSheng/SDK_java/bin/config/cross.txt and answerPath = /HDU_XuSheng/SDK_java/bin/config/answer.txt
15:59:05 main INFO com.huawei.Main.main(26) start reaWARN No appenders could be found for logger (com.huawei.Main).d input files
15:59:05 main ERROR com.huawei.structure.TrafficControlCenter.driveAllCars(142) 系统调度时间：11
15:59:05 main ERROR com.huawei.structure.TrafficControlCenter.driveAllCars(143) 所有车辆总调度时间：22
15:59:05 main INFO com.huawei.Main.main(35) ==相等
15:59:05 main INFO com.huawei.Main.main(37) equals相等
15:59:05 main INFO com.huawei.Main.main(39) Start write output file
15:59:05 main INFO com.huawei.Main.main(41) End...
15:59:14 main INFO com.huawei.Main.main(17) Start...
15:59:14 main INFO com.huawei.Main.main(23) carPath = /HDU_XuSheng/SDK_java/bin/config/car.txt roadPath = /HDU_XuSheng/SDK_java/bin/config/road.txt crossPath = /HDU_XuSheng/SDK_java/bin/config/cross.txt and answerPath = /HDU_XuSheng/SDK_java/bin/config/answer.txt
15:59:14 main INFO com.huawei.Main.main(26) start reaWARN No appenders could be found for logger (com.huawei.Main).d input files
15:59:14 main ERROR com.huawei.structure.TrafficControlCenter.driveAllCars(142) 系统调度时间：10
15:59:14 main ERROR com.huawei.structure.TrafficControlCenter.driveAllCars(143) 所有车辆总调度时间：14
15:59:14 main INFO com.huawei.Main.main(35) ==相等
15:59:14 main INFO com.huawei.Main.main(37) equals相等
15:59:14 main INFO com.huawei.Main.main(39) Start write output file
15:59:14 main INFO com.huawei.Main.main(41) End...
15:59:19 main INFO com.huawei.Main.main(17) Start...
15:59:19 main INFO com.huawei.Main.main(23) carPath = /HDU_XuSheng/SDK_java/bin/config/car.txt roadPath = /HDU_XuSheng/SDK_java/bin/config/road.txt crossPath = /HDU_XuSheng/SDK_java/bin/config/cross.txt and answerPath = /HDU_XuSheng/SDK_java/bin/config/answer.txt
15:59:19 main INFO com.huawei.Main.main(26) start reaWARN No appenders could be found for logger (com.huawei.Main).d input files
15:59:19 main ERROR com.huawei.structure.TrafficControlCenter.driveAllCars(142) 系统调度时间：8
15:59:19 main ERROR com.huawei.structure.TrafficControlCenter.driveAllCars(143) 所有车辆总调度时间：7
15:59:19 main INFO com.huawei.Main.main(35) ==相等
15:59:19 main INFO com.huawei.Main.main(37) equals相等
15:59:19 main INFO com.huawei.Main.main(39) Start write output file
15:59:19 main INFO com.huawei.Main.main(41) End...
15:59:43 main INFO com.huawei.Main.main(17) Start...
15:59:43 main INFO com.huawei.Main.main(23) carPath = /HDU_XuSheng/SDK_java/bin/config/car.txt roadPath = /HDU_XuSheng/SDK_java/bin/config/road.txt crossPath = /HDU_XuSheng/SDK_java/bin/config/cross.txt and answerPath = /HDU_XuSheng/SDK_java/bin/config/answer.txt
15:59:43 main INFO com.huawei.Main.main(26) start reaWARN No appenders could be found for logger (com.huawei.Main).d input files
15:59:43 main ERROR com.huawei.structure.TrafficControlCenter.driveAllCars(142) 系统调度时间：245
15:59:43 main ERROR com.huawei.structure.TrafficControlCenter.driveAllCars(143) 所有车辆总调度时间：28705
15:59:43 main INFO com.huawei.Main.main(35) ==相等
15:59:43 main INFO com.huawei.Main.main(37) equals相等
15:59:43 main INFO com.huawei.Main.main(39) Start write output file
15:59:43 main INFO com.huawei.Main.main(41) End...
16:00:07 main INFO com.huawei.Main.main(17) Start...
16:00:07 main INFO com.huawei.Main.main(23) carPath = /HDU_XuSheng/SDK_java/bin/config/car.txt roadPath = /HDU_XuSheng/SDK_java/bin/config/road.txt crossPath = /HDU_XuSheng/SDK_java/bin/config/cross.txt and answerPath = /HDU_XuSheng/SDK_java/bin/config/answer.txt
16:00:07 main INFO com.huawei.Main.main(26) start reaWARN No appenders could be found for logger (com.huawei.Main).d input files
16:00:07 main ERROR com.huawei.structure.TrafficControlCenter.driveAllCars(142) 系统调度时间：27
16:00:07 main ERROR com.huawei.structure.TrafficControlCenter.driveAllCars(143) 所有车辆总调度时间：211
16:00:07 main INFO com.huawei.Main.main(35) ==相等
16:00:07 main INFO com.huawei.Main.main(37) equals相等
16:00:07 main INFO com.huawei.Main.main(39) Start write output file
16:00:07 main INFO com.huawei.Main.main(41) End...
16:03:22 main INFO com.huawei.Main.main(17) Start...
16:03:22 main INFO com.huawei.Main.main(23) carPath = /HDU_XuSheng/SDK_java/bin/config/car.txt roadPath = /HDU_XuSheng/SDK_java/bin/config/road.txt crossPath = /HDU_XuSheng/SDK_java/bin/config/cross.txt and answerPath = /HDU_XuSheng/SDK_java/bin/config/answer.txt
16:03:22 main INFO com.huawei.Main.main(26) start reaWARN No appenders could be found for logger (com.huawei.Main).d input files
16:03:35 main INFO com.huawei.Main.main(17) Start...
16:03:35 main INFO com.huawei.Main.main(23) carPath = /HDU_XuSheng/SDK_java/bin/config/car.txt roadPath = /HDU_XuSheng/SDK_java/bin/config/road.txt crossPath = /HDU_XuSheng/SDK_java/bin/config/cross.txt and answerPath = /HDU_XuSheng/SDK_java/bin/config/answer.txt
16:03:35 main INFO com.huawei.Main.main(26) start reaWARN No appenders could be found for logger (com.huawei.Main).d input files
16:06:49 main INFO com.huawei.Main.main(17) Start...
16:06:49 main INFO com.huawei.Main.main(23) carPath = /HDU_XuSheng/SDK_java/bin/config/car.txt roadPath = /HDU_XuSheng/SDK_java/bin/config/road.txt crossPath = /HDU_XuSheng/SDK_java/bin/config/cross.txt and answerPath = /HDU_XuSheng/SDK_java/bin/config/answer.txt
16:06:49 main INFO com.huawei.Main.main(26) start reaWARN No appenders could be found for logger (com.huawei.Main).d input files
16:18:10 main INFO com.huawei.Main.main(17) Start...
16:18:10 main INFO com.huawei.Main.main(23) carPath = /HDU_XuSheng/SDK_java/bin/config/car.txt roadPath = /HDU_XuSheng/SDK_java/bin/config/road.txt crossPath = /HDU_XuSheng/SDK_java/bin/config/cross.txt and answerPath = /HDU_XuSheng/SDK_java/bin/config/answer.txt
16:18:10 main INFO com.huawei.Main.main(26) start reaWARN No appenders could be found for logger (com.huawei.Main).d input files
16:18:10 main ERROR com.huawei.structure.TrafficControlCenter.driveAllCars(137) 死锁
16:18:10 main INFO com.huawei.Main.main(35) ==相等
16:18:10 main INFO com.huawei.Main.main(37) equals相等
16:18:10 main INFO com.huawei.Main.main(39) Start write output file
16:18:10 main INFO com.huawei.Main.main(41) End...
16:18:57 main INFO com.huawei.Main.main(17) Start...
16:18:57 main INFO com.huawei.Main.main(23) carPath = /HDU_XuSheng/SDK_java/bin/config/car.txt roadPath = /HDU_XuSheng/SDK_java/bin/config/road.txt crossPath = /HDU_XuSheng/SDK_java/bin/config/cross.txt and answerPath = /HDU_XuSheng/SDK_java/bin/config/answer.txt
16:18:57 main INFO com.huawei.Main.main(26) start reaWARN No appenders could be found for logger (com.huawei.Main).d input files
16:23:09 main ERROR com.huawei.structure.TrafficControlCenter.driveAllCars(137) 死锁
16:23:09 main INFO com.huawei.Main.main(35) ==相等
16:23:09 main INFO com.huawei.Main.main(37) equals相等
16:23:09 main INFO com.huawei.Main.main(39) Start write output file
16:23:09 main INFO com.huawei.Main.main(41) End...
16:23:21 main INFO com.huawei.Main.main(17) Start...
16:23:21 main INFO com.huawei.Main.main(23) carPath = /HDU_XuSheng/SDK_java/bin/config/car.txt roadPath = /HDU_XuSheng/SDK_java/bin/config/road.txt crossPath = /HDU_XuSheng/SDK_java/bin/config/cross.txt and answerPath = /HDU_XuSheng/SDK_java/bin/config/answer.txt
16:23:21 main INFO com.huawei.Main.main(26) start reaWARN No appenders could be found for logger (com.huawei.Main).d input files
16:25:58 main ERROR com.huawei.structure.TrafficControlCenter.driveAllCars(137) 死锁
16:25:58 main INFO com.huawei.Main.main(35) ==相等
16:25:58 main INFO com.huawei.Main.main(37) equals相等
16:25:58 main INFO com.huawei.Main.main(39) Start write output file
16:25:58 main INFO com.huawei.Main.main(41) End...
16:26:10 main INFO com.huawei.Main.main(17) Start...
16:26:10 main INFO com.huawei.Main.main(23) carPath = /HDU_XuSheng/SDK_java/bin/config/car.txt roadPath = /HDU_XuSheng/SDK_java/bin/config/road.txt crossPath = /HDU_XuSheng/SDK_java/bin/config/cross.txt and answerPath = /HDU_XuSheng/SDK_java/bin/config/answer.txt
16:26:10 main INFO com.huawei.Main.main(26) start reaWARN No appenders could be found for logger (com.huawei.Main).d input files
16:28:18 main ERROR com.huawei.structure.TrafficControlCenter.driveAllCars(137) 死锁
16:28:18 main INFO com.huawei.Main.main(35) ==相等
16:28:18 main INFO com.huawei.Main.main(37) equals相等
16:28:18 main INFO com.huawei.Main.main(39) Start write output file
16:28:18 main INFO com.huawei.Main.main(41) End...
16:28:30 main INFO com.huawei.Main.main(17) Start...
16:28:30 main INFO com.huawei.Main.main(23) carPath = /HDU_XuSheng/SDK_java/bin/config/car.txt roadPath = /HDU_XuSheng/SDK_java/bin/config/road.txt crossPath = /HDU_XuSheng/SDK_java/bin/config/cross.txt and answerPath = /HDU_XuSheng/SDK_java/bin/config/answer.txt
16:28:30 main INFO com.huawei.Main.main(26) start reaWARN No appenders could be found for logger (com.huawei.Main).d input files
16:34:20 main ERROR com.huawei.structure.TrafficControlCenter.driveAllCars(137) 死锁
16:34:20 main INFO com.huawei.Main.main(35) ==相等
16:34:20 main INFO com.huawei.Main.main(37) equals相等
16:34:20 main INFO com.huawei.Main.main(39) Start write output file
16:34:20 main INFO com.huawei.Main.main(41) End...
16:34:32 main INFO com.huawei.Main.main(17) Start...
16:34:32 main INFO com.huawei.Main.main(23) carPath = /HDU_XuSheng/SDK_java/bin/config/car.txt roadPath = /HDU_XuSheng/SDK_java/bin/config/road.txt crossPath = /HDU_XuSheng/SDK_java/bin/config/cross.txt and answerPath = /HDU_XuSheng/SDK_java/bin/config/answer.txt
16:34:32 main INFO com.huawei.Main.main(26) start reaWARN No appenders could be found for logger (com.huawei.Main).d input files
16:38:47 main ERROR com.huawei.structure.TrafficControlCenter.driveAllCars(137) 死锁
16:38:47 main INFO com.huawei.Main.main(35) ==相等
16:38:47 main INFO com.huawei.Main.main(37) equals相等
16:38:47 main INFO com.huawei.Main.main(39) Start write output file
16:38:47 main INFO com.huawei.Main.main(41) End...
16:38:59 main INFO com.huawei.Main.main(17) Start...
16:38:59 main INFO com.huawei.Main.main(23) carPath = /HDU_XuSheng/SDK_java/bin/config/car.txt roadPath = /HDU_XuSheng/SDK_java/bin/config/road.txt crossPath = /HDU_XuSheng/SDK_java/bin/config/cross.txt and answerPath = /HDU_XuSheng/SDK_java/bin/config/answer.txt
16:38:59 main INFO com.huawei.Main.main(26) start reaWARN No appenders could be found for logger (com.huawei.Main).d input files
16:41:56 main ERROR com.huawei.structure.TrafficControlCenter.driveAllCars(137) 死锁
16:41:56 main INFO com.huawei.Main.main(35) ==相等
16:41:56 main INFO com.huawei.Main.main(37) equals相等
16:41:56 main INFO com.huawei.Main.main(39) Start write output file
16:41:56 main INFO com.huawei.Main.main(41) End...
16:42:07 main INFO com.huawei.Main.main(17) Start...
16:42:07 main INFO com.huawei.Main.main(23) carPath = /HDU_XuSheng/SDK_java/bin/config/car.txt roadPath = /HDU_XuSheng/SDK_java/bin/config/road.txt crossPath = /HDU_XuSheng/SDK_java/bin/config/cross.txt and answerPath = /HDU_XuSheng/SDK_java/bin/config/answer.txt
16:42:07 main INFO com.huawei.Main.main(26) start reaWARN No appenders could be found for logger (com.huawei.Main).d input files
16:43:20 main ERROR com.huawei.structure.TrafficControlCenter.driveAllCars(137) 死锁
16:43:20 main INFO com.huawei.Main.main(35) ==相等
16:43:20 main INFO com.huawei.Main.main(37) equals相等
16:43:20 main INFO com.huawei.Main.main(39) Start write output file
16:43:20 main INFO com.huawei.Main.main(41) End...
16:43:32 main INFO com.huawei.Main.main(17) Start...
16:43:32 main INFO com.huawei.Main.main(23) carPath = /HDU_XuSheng/SDK_java/bin/config/car.txt roadPath = /HDU_XuSheng/SDK_java/bin/config/road.txt crossPath = /HDU_XuSheng/SDK_java/bin/config/cross.txt and answerPath = /HDU_XuSheng/SDK_java/bin/config/answer.txt
16:43:32 main INFO com.huawei.Main.main(26) start reaWARN No appenders could be found for logger (com.huawei.Main).d input files
16:44:25 main ERROR com.huawei.structure.TrafficControlCenter.driveAllCars(137) 死锁
16:44:25 main INFO com.huawei.Main.main(35) ==相等
16:44:25 main INFO com.huawei.Main.main(37) equals相等
16:44:25 main INFO com.huawei.Main.main(39) Start write output file
16:44:25 main INFO com.huawei.Main.main(41) End...
16:44:37 main INFO com.huawei.Main.main(17) Start...
16:44:37 main INFO com.huawei.Main.main(23) carPath = /HDU_XuSheng/SDK_java/bin/config/car.txt roadPath = /HDU_XuSheng/SDK_java/bin/config/road.txt crossPath = /HDU_XuSheng/SDK_java/bin/config/cross.txt and answerPath = /HDU_XuSheng/SDK_java/bin/config/answer.txt
16:44:37 main INFO com.huawei.Main.main(26) start reaWARN No appenders could be found for logger (com.huawei.Main).d input files
16:47:20 main ERROR com.huawei.structure.TrafficControlCenter.driveAllCars(137) 死锁
16:47:20 main INFO com.huawei.Main.main(35) ==相等
16:47:20 main INFO com.huawei.Main.main(37) equals相等
16:47:20 main INFO com.huawei.Main.main(39) Start write output file
16:47:20 main INFO com.huawei.Main.main(41) End...
16:47:32 main INFO com.huawei.Main.main(17) Start...
16:47:32 main INFO com.huawei.Main.main(23) carPath = /HDU_XuSheng/SDK_java/bin/config/car.txt roadPath = /HDU_XuSheng/SDK_java/bin/config/road.txt crossPath = /HDU_XuSheng/SDK_java/bin/config/cross.txt and answerPath = /HDU_XuSheng/SDK_java/bin/config/answer.txt
16:47:32 main INFO com.huawei.Main.main(26) start reaWARN No appenders could be found for logger (com.huawei.Main).d input files
16:53:37 main ERROR com.huawei.structure.TrafficControlCenter.driveAllCars(137) 死锁
16:53:37 main INFO com.huawei.Main.main(35) ==相等
16:53:37 main INFO com.huawei.Main.main(37) equals相等
16:53:37 main INFO com.huawei.Main.main(39) Start write output file
16:53:37 main INFO com.huawei.Main.main(41) End...
16:53:48 main INFO com.huawei.Main.main(17) Start...
16:53:48 main INFO com.huawei.Main.main(23) carPath = /HDU_XuSheng/SDK_java/bin/config/car.txt roadPath = /HDU_XuSheng/SDK_java/bin/config/road.txt crossPath = /HDU_XuSheng/SDK_java/bin/config/cross.txt and answerPath = /HDU_XuSheng/SDK_java/bin/config/answer.txt
16:53:48 main INFO com.huawei.Main.main(26) start reaWARN No appenders could be found for logger (com.huawei.Main).d input files
17:01:36 main ERROR com.huawei.structure.TrafficControlCenter.driveAllCars(137) 死锁
17:01:36 main INFO com.huawei.Main.main(35) ==相等
17:01:36 main INFO com.huawei.Main.main(37) equals相等
17:01:36 main INFO com.huawei.Main.main(39) Start write output file
17:01:36 main INFO com.huawei.Main.main(41) End...
17:01:50 main INFO com.huawei.Main.main(17) Start...
17:01:50 main INFO com.huawei.Main.main(23) carPath = /HDU_XuSheng/SDK_java/bin/config/car.txt roadPath = /HDU_XuSheng/SDK_java/bin/config/road.txt crossPath = /HDU_XuSheng/SDK_java/bin/config/cross.txt and answerPath = /HDU_XuSheng/SDK_java/bin/config/answer.txt
17:01:50 main INFO com.huawei.Main.main(26) start reaWARN No appenders could be found for logger (com.huawei.Main).d input files
17:02:11 main ERROR com.huawei.structure.TrafficControlCenter.driveAllCars(137) 死锁
17:02:11 main INFO com.huawei.Main.main(35) ==相等
17:02:11 main INFO com.huawei.Main.main(37) equals相等
17:02:11 main INFO com.huawei.Main.main(39) Start write output file
17:02:11 main INFO com.huawei.Main.main(41) End...
17:02:21 main INFO com.huawei.Main.main(17) Start...
17:02:21 main INFO com.huawei.Main.main(23) carPath = /HDU_XuSheng/SDK_java/bin/config/car.txt roadPath = /HDU_XuSheng/SDK_java/bin/config/road.txt crossPath = /HDU_XuSheng/SDK_java/bin/config/cross.txt and answerPath = /HDU_XuSheng/SDK_java/bin/config/answer.txt
17:02:21 main INFO com.huawei.Main.main(26) start reaWARN No appenders could be found for logger (com.huawei.Main).d input files
17:05:08 main ERROR com.huawei.structure.TrafficControlCenter.driveAllCars(137) 死锁
17:05:08 main INFO com.huawei.Main.main(35) ==相等
17:05:08 main INFO com.huawei.Main.main(37) equals相等
17:05:08 main INFO com.huawei.Main.main(39) Start write output file
17:05:08 main INFO com.huawei.Main.main(41) End...
17:05:20 main INFO com.huawei.Main.main(17) Start...
17:05:20 main INFO com.huawei.Main.main(23) carPath = /HDU_XuSheng/SDK_java/bin/config/car.txt roadPath = /HDU_XuSheng/SDK_java/bin/config/road.txt crossPath = /HDU_XuSheng/SDK_java/bin/config/cross.txt and answerPath = /HDU_XuSheng/SDK_java/bin/config/answer.txt
17:05:20 main INFO com.huawei.Main.main(26) start reaWARN No appenders could be found for logger (com.huawei.Main).d input files
17:06:40 main ERROR com.huawei.structure.TrafficControlCenter.driveAllCars(137) 死锁
17:06:40 main INFO com.huawei.Main.main(35) ==相等
17:06:40 main INFO com.huawei.Main.main(37) equals相等
17:06:40 main INFO com.huawei.Main.main(39) Start write output file
17:06:40 main INFO com.huawei.Main.main(41) End...
17:06:50 main INFO com.huawei.Main.main(17) Start...
17:06:50 main INFO com.huawei.Main.main(23) carPath = /HDU_XuSheng/SDK_java/bin/config/car.txt roadPath = /HDU_XuSheng/SDK_java/bin/config/road.txt crossPath = /HDU_XuSheng/SDK_java/bin/config/cross.txt and answerPath = /HDU_XuSheng/SDK_java/bin/config/answer.txt
17:06:50 main INFO com.huawei.Main.main(26) start reaWARN No appenders could be found for logger (com.huawei.Main).d input files
17:08:41 main ERROR com.huawei.structure.TrafficControlCenter.driveAllCars(137) 死锁
17:08:41 main INFO com.huawei.Main.main(35) ==相等
17:08:41 main INFO com.huawei.Main.main(37) equals相等
17:08:41 main INFO com.huawei.Main.main(39) Start write output file
17:08:41 main INFO com.huawei.Main.main(41) End...
17:08:53 main INFO com.huawei.Main.main(17) Start...
17:08:53 main INFO com.huawei.Main.main(23) carPath = /HDU_XuSheng/SDK_java/bin/config/car.txt roadPath = /HDU_XuSheng/SDK_java/bin/config/road.txt crossPath = /HDU_XuSheng/SDK_java/bin/config/cross.txt and answerPath = /HDU_XuSheng/SDK_java/bin/config/answer.txt
17:08:53 main INFO com.huawei.Main.main(26) start reaWARN No appenders could be found for logger (com.huawei.Main).d input files
17:14:08 main ERROR com.huawei.structure.TrafficControlCenter.driveAllCars(137) 死锁
17:14:08 main INFO com.huawei.Main.main(35) ==相等
17:14:08 main INFO com.huawei.Main.main(37) equals相等
17:14:08 main INFO com.huawei.Main.main(39) Start write output file
17:14:08 main INFO com.huawei.Main.main(41) End...
17:14:20 main INFO com.huawei.Main.main(17) Start...
17:14:20 main INFO com.huawei.Main.main(23) carPath = /HDU_XuSheng/SDK_java/bin/config/car.txt roadPath = /HDU_XuSheng/SDK_java/bin/config/road.txt crossPath = /HDU_XuSheng/SDK_java/bin/config/cross.txt and answerPath = /HDU_XuSheng/SDK_java/bin/config/answer.txt
17:14:20 main INFO com.huawei.Main.main(26) start reaWARN No appenders could be found for logger (com.huawei.Main).d input files
17:14:50 main ERROR com.huawei.structure.TrafficControlCenter.driveAllCars(147) 系统调度时间：764
17:14:50 main ERROR com.huawei.structure.TrafficControlCenter.driveAllCars(148) 所有车辆总调度时间：2814530
17:14:50 main INFO com.huawei.Main.main(35) ==相等
17:14:50 main INFO com.huawei.Main.main(37) equals相等
17:14:50 main INFO com.huawei.Main.main(39) Start write output file
17:14:50 main INFO com.huawei.Main.main(41) End...
17:19:50 main INFO com.huawei.Main.main(17) Start...
17:19:50 main INFO com.huawei.Main.main(23) carPath = /HDU_XuSheng/SDK_java/bin/config/car.txt roadPath = /HDU_XuSheng/SDK_java/bin/config/road.txt crossPath = /HDU_XuSheng/SDK_java/bin/config/cross.txt and answerPath = /HDU_XuSheng/SDK_java/bin/config/answer.txt
17:19:50 main INFO com.huawei.Main.main(26) start reaWARN No appenders could be found for logger (com.huawei.Main).d input files
17:19:51 main ERROR com.huawei.structure.TrafficControlCenter.driveAllCars(147) 系统调度时间：764
17:19:51 main ERROR com.huawei.structure.TrafficControlCenter.driveAllCars(148) 所有车辆总调度时间：2814530
17:19:51 main INFO com.huawei.Main.main(35) ==相等
17:19:51 main INFO com.huawei.Main.main(37) equals相等
17:19:51 main INFO com.huawei.Main.main(39) Start write output file
17:19:51 main INFO com.huawei.Main.main(41) End...
17:20:18 main INFO com.huawei.Main.main(17) Start...
17:20:18 main INFO com.huawei.Main.main(23) carPath = /HDU_XuSheng/SDK_java/bin/config/car.txt roadPath = /HDU_XuSheng/SDK_java/bin/config/road.txt crossPath = /HDU_XuSheng/SDK_java/bin/config/cross.txt and answerPath = /HDU_XuSheng/SDK_java/bin/config/answer.txt
17:20:18 main INFO com.huawei.Main.main(26) start reaWARN No appenders could be found for logger (com.huawei.Main).d input files
17:20:19 main ERROR com.huawei.structure.TrafficControlCenter.driveAllCars(147) 系统调度时间：764
17:20:19 main ERROR com.huawei.structure.TrafficControlCenter.driveAllCars(148) 所有车辆总调度时间：2814530
17:20:19 main INFO com.huawei.Main.main(35) ==相等
17:20:19 main INFO com.huawei.Main.main(37) equals相等
17:20:19 main INFO com.huawei.Main.main(39) Start write output file
17:20:19 main INFO com.huawei.Main.main(41) End...
17:23:06 main INFO com.huawei.Main.main(17) Start...
17:23:06 main INFO com.huawei.Main.main(23) carPath = /HDU_XuSheng/SDK_java/bin/config/car.txt roadPath = /HDU_XuSheng/SDK_java/bin/config/road.txt crossPath = /HDU_XuSheng/SDK_java/bin/config/cross.txt and answerPath = /HDU_XuSheng/SDK_java/bin/config/answer.txt
17:23:06 main INFO com.huawei.Main.main(26) start reaWARN No appenders could be found for logger (com.huawei.Main).d input files
17:23:07 main ERROR com.huawei.structure.TrafficControlCenter.driveAllCars(147) 系统调度时间：764
17:23:07 main ERROR com.huawei.structure.TrafficControlCenter.driveAllCars(148) 所有车辆总调度时间：2814530
17:23:07 main INFO com.huawei.Main.main(35) ==相等
17:23:07 main INFO com.huawei.Main.main(37) equals相等
17:23:07 main INFO com.huawei.Main.main(39) Start write output file
17:23:07 main INFO com.huawei.Main.main(41) End...
17:23:40 main INFO com.huawei.Main.main(17) Start...
17:23:40 main INFO com.huawei.Main.main(23) carPath = /HDU_XuSheng/SDK_java/bin/config/car.txt roadPath = /HDU_XuSheng/SDK_java/bin/config/road.txt crossPath = /HDU_XuSheng/SDK_java/bin/config/cross.txt and answerPath = /HDU_XuSheng/SDK_java/bin/config/answer.txt
17:23:40 main INFO com.huawei.Main.main(26) start reaWARN No appenders could be found for logger (com.huawei.Main).d input files
17:23:41 main ERROR com.huawei.structure.TrafficControlCenter.driveAllCars(147) 系统调度时间：764
17:23:41 main ERROR com.huawei.structure.TrafficControlCenter.driveAllCars(148) 所有车辆总调度时间：2814530
17:23:41 main INFO com.huawei.Main.main(35) ==相等
17:23:41 main INFO com.huawei.Main.main(37) equals相等
17:23:41 main INFO com.huawei.Main.main(39) Start write output file
17:23:41 main INFO com.huawei.Main.main(41) End...
